ARM GAS  C:\Users\LJH\AppData\Local\Temp\ccvvn2j5.s 			page 1


   1              		.cpu cortex-m3
   2              		.arch armv7-m
   3              		.fpu softvfp
   4              		.eabi_attribute 20, 1
   5              		.eabi_attribute 21, 1
   6              		.eabi_attribute 23, 3
   7              		.eabi_attribute 24, 1
   8              		.eabi_attribute 25, 1
   9              		.eabi_attribute 26, 1
  10              		.eabi_attribute 30, 1
  11              		.eabi_attribute 34, 1
  12              		.eabi_attribute 18, 4
  13              		.file	"list.c"
  14              		.text
  15              	.Ltext0:
  16              		.cfi_sections	.debug_frame
  17              		.section	.text.vListInitialise,"ax",%progbits
  18              		.align	1
  19              		.global	vListInitialise
  20              		.syntax unified
  21              		.thumb
  22              		.thumb_func
  24              	vListInitialise:
  25              	.LVL0:
  26              	.LFB5:
  27              		.file 1 "Middlewares/Third_Party/FreeRTOS/Source/list.c"
   1:Middlewares/Third_Party/FreeRTOS/Source/list.c **** /*
   2:Middlewares/Third_Party/FreeRTOS/Source/list.c ****  * FreeRTOS Kernel V10.0.1
   3:Middlewares/Third_Party/FreeRTOS/Source/list.c ****  * Copyright (C) 2017 Amazon.com, Inc. or its affiliates.  All Rights Reserved.
   4:Middlewares/Third_Party/FreeRTOS/Source/list.c ****  *
   5:Middlewares/Third_Party/FreeRTOS/Source/list.c ****  * Permission is hereby granted, free of charge, to any person obtaining a copy of
   6:Middlewares/Third_Party/FreeRTOS/Source/list.c ****  * this software and associated documentation files (the "Software"), to deal in
   7:Middlewares/Third_Party/FreeRTOS/Source/list.c ****  * the Software without restriction, including without limitation the rights to
   8:Middlewares/Third_Party/FreeRTOS/Source/list.c ****  * use, copy, modify, merge, publish, distribute, sublicense, and/or sell copies of
   9:Middlewares/Third_Party/FreeRTOS/Source/list.c ****  * the Software, and to permit persons to whom the Software is furnished to do so,
  10:Middlewares/Third_Party/FreeRTOS/Source/list.c ****  * subject to the following conditions:
  11:Middlewares/Third_Party/FreeRTOS/Source/list.c ****  *
  12:Middlewares/Third_Party/FreeRTOS/Source/list.c ****  * The above copyright notice and this permission notice shall be included in all
  13:Middlewares/Third_Party/FreeRTOS/Source/list.c ****  * copies or substantial portions of the Software.
  14:Middlewares/Third_Party/FreeRTOS/Source/list.c ****  *
  15:Middlewares/Third_Party/FreeRTOS/Source/list.c ****  * THE SOFTWARE IS PROVIDED "AS IS", WITHOUT WARRANTY OF ANY KIND, EXPRESS OR
  16:Middlewares/Third_Party/FreeRTOS/Source/list.c ****  * IMPLIED, INCLUDING BUT NOT LIMITED TO THE WARRANTIES OF MERCHANTABILITY, FITNESS
  17:Middlewares/Third_Party/FreeRTOS/Source/list.c ****  * FOR A PARTICULAR PURPOSE AND NONINFRINGEMENT. IN NO EVENT SHALL THE AUTHORS OR
  18:Middlewares/Third_Party/FreeRTOS/Source/list.c ****  * COPYRIGHT HOLDERS BE LIABLE FOR ANY CLAIM, DAMAGES OR OTHER LIABILITY, WHETHER
  19:Middlewares/Third_Party/FreeRTOS/Source/list.c ****  * IN AN ACTION OF CONTRACT, TORT OR OTHERWISE, ARISING FROM, OUT OF OR IN
  20:Middlewares/Third_Party/FreeRTOS/Source/list.c ****  * CONNECTION WITH THE SOFTWARE OR THE USE OR OTHER DEALINGS IN THE SOFTWARE.
  21:Middlewares/Third_Party/FreeRTOS/Source/list.c ****  *
  22:Middlewares/Third_Party/FreeRTOS/Source/list.c ****  * http://www.FreeRTOS.org
  23:Middlewares/Third_Party/FreeRTOS/Source/list.c ****  * http://aws.amazon.com/freertos
  24:Middlewares/Third_Party/FreeRTOS/Source/list.c ****  *
  25:Middlewares/Third_Party/FreeRTOS/Source/list.c ****  * 1 tab == 4 spaces!
  26:Middlewares/Third_Party/FreeRTOS/Source/list.c ****  */
  27:Middlewares/Third_Party/FreeRTOS/Source/list.c **** 
  28:Middlewares/Third_Party/FreeRTOS/Source/list.c **** 
  29:Middlewares/Third_Party/FreeRTOS/Source/list.c **** #include <stdlib.h>
  30:Middlewares/Third_Party/FreeRTOS/Source/list.c **** #include "FreeRTOS.h"
  31:Middlewares/Third_Party/FreeRTOS/Source/list.c **** #include "list.h"
ARM GAS  C:\Users\LJH\AppData\Local\Temp\ccvvn2j5.s 			page 2


  32:Middlewares/Third_Party/FreeRTOS/Source/list.c **** 
  33:Middlewares/Third_Party/FreeRTOS/Source/list.c **** /*-----------------------------------------------------------
  34:Middlewares/Third_Party/FreeRTOS/Source/list.c ****  * PUBLIC LIST API documented in list.h
  35:Middlewares/Third_Party/FreeRTOS/Source/list.c ****  *----------------------------------------------------------*/
  36:Middlewares/Third_Party/FreeRTOS/Source/list.c **** 
  37:Middlewares/Third_Party/FreeRTOS/Source/list.c **** void vListInitialise( List_t * const pxList )
  38:Middlewares/Third_Party/FreeRTOS/Source/list.c **** {
  28              		.loc 1 38 1 view -0
  29              		.cfi_startproc
  30              		@ args = 0, pretend = 0, frame = 0
  31              		@ frame_needed = 0, uses_anonymous_args = 0
  32              		@ link register save eliminated.
  39:Middlewares/Third_Party/FreeRTOS/Source/list.c **** 	/* The list structure contains a list item which is used to mark the
  40:Middlewares/Third_Party/FreeRTOS/Source/list.c **** 	end of the list.  To initialise the list the list end is inserted
  41:Middlewares/Third_Party/FreeRTOS/Source/list.c **** 	as the only list entry. */
  42:Middlewares/Third_Party/FreeRTOS/Source/list.c **** 	pxList->pxIndex = ( ListItem_t * ) &( pxList->xListEnd );			/*lint !e826 !e740 The mini list struc
  33              		.loc 1 42 2 view .LVU1
  34              		.loc 1 42 37 is_stmt 0 view .LVU2
  35 0000 00F10803 		add	r3, r0, #8
  36              		.loc 1 42 18 view .LVU3
  37 0004 4360     		str	r3, [r0, #4]
  43:Middlewares/Third_Party/FreeRTOS/Source/list.c **** 
  44:Middlewares/Third_Party/FreeRTOS/Source/list.c **** 	/* The list end value is the highest possible value in the list to
  45:Middlewares/Third_Party/FreeRTOS/Source/list.c **** 	ensure it remains at the end of the list. */
  46:Middlewares/Third_Party/FreeRTOS/Source/list.c **** 	pxList->xListEnd.xItemValue = portMAX_DELAY;
  38              		.loc 1 46 2 is_stmt 1 view .LVU4
  39              		.loc 1 46 30 is_stmt 0 view .LVU5
  40 0006 4FF0FF32 		mov	r2, #-1
  41 000a 8260     		str	r2, [r0, #8]
  47:Middlewares/Third_Party/FreeRTOS/Source/list.c **** 
  48:Middlewares/Third_Party/FreeRTOS/Source/list.c **** 	/* The list end next and previous pointers point to itself so we know
  49:Middlewares/Third_Party/FreeRTOS/Source/list.c **** 	when the list is empty. */
  50:Middlewares/Third_Party/FreeRTOS/Source/list.c **** 	pxList->xListEnd.pxNext = ( ListItem_t * ) &( pxList->xListEnd );	/*lint !e826 !e740 The mini list
  42              		.loc 1 50 2 is_stmt 1 view .LVU6
  43              		.loc 1 50 26 is_stmt 0 view .LVU7
  44 000c C360     		str	r3, [r0, #12]
  51:Middlewares/Third_Party/FreeRTOS/Source/list.c **** 	pxList->xListEnd.pxPrevious = ( ListItem_t * ) &( pxList->xListEnd );/*lint !e826 !e740 The mini l
  45              		.loc 1 51 2 is_stmt 1 view .LVU8
  46              		.loc 1 51 30 is_stmt 0 view .LVU9
  47 000e 0361     		str	r3, [r0, #16]
  52:Middlewares/Third_Party/FreeRTOS/Source/list.c **** 
  53:Middlewares/Third_Party/FreeRTOS/Source/list.c **** 	pxList->uxNumberOfItems = ( UBaseType_t ) 0U;
  48              		.loc 1 53 2 is_stmt 1 view .LVU10
  49              		.loc 1 53 26 is_stmt 0 view .LVU11
  50 0010 0023     		movs	r3, #0
  51 0012 0360     		str	r3, [r0]
  54:Middlewares/Third_Party/FreeRTOS/Source/list.c **** 
  55:Middlewares/Third_Party/FreeRTOS/Source/list.c **** 	/* Write known values into the list if
  56:Middlewares/Third_Party/FreeRTOS/Source/list.c **** 	configUSE_LIST_DATA_INTEGRITY_CHECK_BYTES is set to 1. */
  57:Middlewares/Third_Party/FreeRTOS/Source/list.c **** 	listSET_LIST_INTEGRITY_CHECK_1_VALUE( pxList );
  52              		.loc 1 57 48 is_stmt 1 view .LVU12
  58:Middlewares/Third_Party/FreeRTOS/Source/list.c **** 	listSET_LIST_INTEGRITY_CHECK_2_VALUE( pxList );
  53              		.loc 1 58 48 view .LVU13
  59:Middlewares/Third_Party/FreeRTOS/Source/list.c **** }
  54              		.loc 1 59 1 is_stmt 0 view .LVU14
  55 0014 7047     		bx	lr
  56              		.cfi_endproc
ARM GAS  C:\Users\LJH\AppData\Local\Temp\ccvvn2j5.s 			page 3


  57              	.LFE5:
  59              		.section	.text.vListInitialiseItem,"ax",%progbits
  60              		.align	1
  61              		.global	vListInitialiseItem
  62              		.syntax unified
  63              		.thumb
  64              		.thumb_func
  66              	vListInitialiseItem:
  67              	.LVL1:
  68              	.LFB6:
  60:Middlewares/Third_Party/FreeRTOS/Source/list.c **** /*-----------------------------------------------------------*/
  61:Middlewares/Third_Party/FreeRTOS/Source/list.c **** 
  62:Middlewares/Third_Party/FreeRTOS/Source/list.c **** void vListInitialiseItem( ListItem_t * const pxItem )
  63:Middlewares/Third_Party/FreeRTOS/Source/list.c **** {
  69              		.loc 1 63 1 is_stmt 1 view -0
  70              		.cfi_startproc
  71              		@ args = 0, pretend = 0, frame = 0
  72              		@ frame_needed = 0, uses_anonymous_args = 0
  73              		@ link register save eliminated.
  64:Middlewares/Third_Party/FreeRTOS/Source/list.c **** 	/* Make sure the list item is not recorded as being on a list. */
  65:Middlewares/Third_Party/FreeRTOS/Source/list.c **** 	pxItem->pvContainer = NULL;
  74              		.loc 1 65 2 view .LVU16
  75              		.loc 1 65 22 is_stmt 0 view .LVU17
  76 0000 0023     		movs	r3, #0
  77 0002 0361     		str	r3, [r0, #16]
  66:Middlewares/Third_Party/FreeRTOS/Source/list.c **** 
  67:Middlewares/Third_Party/FreeRTOS/Source/list.c **** 	/* Write known values into the list item if
  68:Middlewares/Third_Party/FreeRTOS/Source/list.c **** 	configUSE_LIST_DATA_INTEGRITY_CHECK_BYTES is set to 1. */
  69:Middlewares/Third_Party/FreeRTOS/Source/list.c **** 	listSET_FIRST_LIST_ITEM_INTEGRITY_CHECK_VALUE( pxItem );
  78              		.loc 1 69 57 is_stmt 1 view .LVU18
  70:Middlewares/Third_Party/FreeRTOS/Source/list.c **** 	listSET_SECOND_LIST_ITEM_INTEGRITY_CHECK_VALUE( pxItem );
  79              		.loc 1 70 58 view .LVU19
  71:Middlewares/Third_Party/FreeRTOS/Source/list.c **** }
  80              		.loc 1 71 1 is_stmt 0 view .LVU20
  81 0004 7047     		bx	lr
  82              		.cfi_endproc
  83              	.LFE6:
  85              		.section	.text.vListInsertEnd,"ax",%progbits
  86              		.align	1
  87              		.global	vListInsertEnd
  88              		.syntax unified
  89              		.thumb
  90              		.thumb_func
  92              	vListInsertEnd:
  93              	.LVL2:
  94              	.LFB7:
  72:Middlewares/Third_Party/FreeRTOS/Source/list.c **** /*-----------------------------------------------------------*/
  73:Middlewares/Third_Party/FreeRTOS/Source/list.c **** 
  74:Middlewares/Third_Party/FreeRTOS/Source/list.c **** void vListInsertEnd( List_t * const pxList, ListItem_t * const pxNewListItem )
  75:Middlewares/Third_Party/FreeRTOS/Source/list.c **** {
  95              		.loc 1 75 1 is_stmt 1 view -0
  96              		.cfi_startproc
  97              		@ args = 0, pretend = 0, frame = 0
  98              		@ frame_needed = 0, uses_anonymous_args = 0
  99              		@ link register save eliminated.
  76:Middlewares/Third_Party/FreeRTOS/Source/list.c **** ListItem_t * const pxIndex = pxList->pxIndex;
 100              		.loc 1 76 1 view .LVU22
ARM GAS  C:\Users\LJH\AppData\Local\Temp\ccvvn2j5.s 			page 4


 101              		.loc 1 76 20 is_stmt 0 view .LVU23
 102 0000 4368     		ldr	r3, [r0, #4]
 103              	.LVL3:
  77:Middlewares/Third_Party/FreeRTOS/Source/list.c **** 
  78:Middlewares/Third_Party/FreeRTOS/Source/list.c **** 	/* Only effective when configASSERT() is also defined, these tests may catch
  79:Middlewares/Third_Party/FreeRTOS/Source/list.c **** 	the list data structures being overwritten in memory.  They will not catch
  80:Middlewares/Third_Party/FreeRTOS/Source/list.c **** 	data errors caused by incorrect configuration or use of FreeRTOS. */
  81:Middlewares/Third_Party/FreeRTOS/Source/list.c **** 	listTEST_LIST_INTEGRITY( pxList );
 104              		.loc 1 81 35 is_stmt 1 view .LVU24
  82:Middlewares/Third_Party/FreeRTOS/Source/list.c **** 	listTEST_LIST_ITEM_INTEGRITY( pxNewListItem );
 105              		.loc 1 82 47 view .LVU25
  83:Middlewares/Third_Party/FreeRTOS/Source/list.c **** 
  84:Middlewares/Third_Party/FreeRTOS/Source/list.c **** 	/* Insert a new list item into pxList, but rather than sort the list,
  85:Middlewares/Third_Party/FreeRTOS/Source/list.c **** 	makes the new list item the last item to be removed by a call to
  86:Middlewares/Third_Party/FreeRTOS/Source/list.c **** 	listGET_OWNER_OF_NEXT_ENTRY(). */
  87:Middlewares/Third_Party/FreeRTOS/Source/list.c **** 	pxNewListItem->pxNext = pxIndex;
 106              		.loc 1 87 2 view .LVU26
 107              		.loc 1 87 24 is_stmt 0 view .LVU27
 108 0002 4B60     		str	r3, [r1, #4]
  88:Middlewares/Third_Party/FreeRTOS/Source/list.c **** 	pxNewListItem->pxPrevious = pxIndex->pxPrevious;
 109              		.loc 1 88 2 is_stmt 1 view .LVU28
 110              		.loc 1 88 37 is_stmt 0 view .LVU29
 111 0004 9A68     		ldr	r2, [r3, #8]
 112              		.loc 1 88 28 view .LVU30
 113 0006 8A60     		str	r2, [r1, #8]
  89:Middlewares/Third_Party/FreeRTOS/Source/list.c **** 
  90:Middlewares/Third_Party/FreeRTOS/Source/list.c **** 	/* Only used during decision coverage testing. */
  91:Middlewares/Third_Party/FreeRTOS/Source/list.c **** 	mtCOVERAGE_TEST_DELAY();
 114              		.loc 1 91 25 is_stmt 1 view .LVU31
  92:Middlewares/Third_Party/FreeRTOS/Source/list.c **** 
  93:Middlewares/Third_Party/FreeRTOS/Source/list.c **** 	pxIndex->pxPrevious->pxNext = pxNewListItem;
 115              		.loc 1 93 2 view .LVU32
 116              		.loc 1 93 30 is_stmt 0 view .LVU33
 117 0008 5160     		str	r1, [r2, #4]
  94:Middlewares/Third_Party/FreeRTOS/Source/list.c **** 	pxIndex->pxPrevious = pxNewListItem;
 118              		.loc 1 94 2 is_stmt 1 view .LVU34
 119              		.loc 1 94 22 is_stmt 0 view .LVU35
 120 000a 9960     		str	r1, [r3, #8]
  95:Middlewares/Third_Party/FreeRTOS/Source/list.c **** 
  96:Middlewares/Third_Party/FreeRTOS/Source/list.c **** 	/* Remember which list the item is in. */
  97:Middlewares/Third_Party/FreeRTOS/Source/list.c **** 	pxNewListItem->pvContainer = ( void * ) pxList;
 121              		.loc 1 97 2 is_stmt 1 view .LVU36
 122              		.loc 1 97 29 is_stmt 0 view .LVU37
 123 000c 0861     		str	r0, [r1, #16]
  98:Middlewares/Third_Party/FreeRTOS/Source/list.c **** 
  99:Middlewares/Third_Party/FreeRTOS/Source/list.c **** 	( pxList->uxNumberOfItems )++;
 124              		.loc 1 99 2 is_stmt 1 view .LVU38
 125              		.loc 1 99 10 is_stmt 0 view .LVU39
 126 000e 0368     		ldr	r3, [r0]
 127              	.LVL4:
 128              		.loc 1 99 29 view .LVU40
 129 0010 0133     		adds	r3, r3, #1
 130 0012 0360     		str	r3, [r0]
 100:Middlewares/Third_Party/FreeRTOS/Source/list.c **** }
 131              		.loc 1 100 1 view .LVU41
 132 0014 7047     		bx	lr
 133              		.cfi_endproc
ARM GAS  C:\Users\LJH\AppData\Local\Temp\ccvvn2j5.s 			page 5


 134              	.LFE7:
 136              		.section	.text.vListInsert,"ax",%progbits
 137              		.align	1
 138              		.global	vListInsert
 139              		.syntax unified
 140              		.thumb
 141              		.thumb_func
 143              	vListInsert:
 144              	.LVL5:
 145              	.LFB8:
 101:Middlewares/Third_Party/FreeRTOS/Source/list.c **** /*-----------------------------------------------------------*/
 102:Middlewares/Third_Party/FreeRTOS/Source/list.c **** 
 103:Middlewares/Third_Party/FreeRTOS/Source/list.c **** void vListInsert( List_t * const pxList, ListItem_t * const pxNewListItem )
 104:Middlewares/Third_Party/FreeRTOS/Source/list.c **** {
 146              		.loc 1 104 1 is_stmt 1 view -0
 147              		.cfi_startproc
 148              		@ args = 0, pretend = 0, frame = 0
 149              		@ frame_needed = 0, uses_anonymous_args = 0
 150              		@ link register save eliminated.
 151              		.loc 1 104 1 is_stmt 0 view .LVU43
 152 0000 30B4     		push	{r4, r5}
 153              	.LCFI0:
 154              		.cfi_def_cfa_offset 8
 155              		.cfi_offset 4, -8
 156              		.cfi_offset 5, -4
 105:Middlewares/Third_Party/FreeRTOS/Source/list.c **** ListItem_t *pxIterator;
 157              		.loc 1 105 1 is_stmt 1 view .LVU44
 106:Middlewares/Third_Party/FreeRTOS/Source/list.c **** const TickType_t xValueOfInsertion = pxNewListItem->xItemValue;
 158              		.loc 1 106 1 view .LVU45
 159              		.loc 1 106 18 is_stmt 0 view .LVU46
 160 0002 0D68     		ldr	r5, [r1]
 161              	.LVL6:
 107:Middlewares/Third_Party/FreeRTOS/Source/list.c **** 
 108:Middlewares/Third_Party/FreeRTOS/Source/list.c **** 	/* Only effective when configASSERT() is also defined, these tests may catch
 109:Middlewares/Third_Party/FreeRTOS/Source/list.c **** 	the list data structures being overwritten in memory.  They will not catch
 110:Middlewares/Third_Party/FreeRTOS/Source/list.c **** 	data errors caused by incorrect configuration or use of FreeRTOS. */
 111:Middlewares/Third_Party/FreeRTOS/Source/list.c **** 	listTEST_LIST_INTEGRITY( pxList );
 162              		.loc 1 111 35 is_stmt 1 view .LVU47
 112:Middlewares/Third_Party/FreeRTOS/Source/list.c **** 	listTEST_LIST_ITEM_INTEGRITY( pxNewListItem );
 163              		.loc 1 112 47 view .LVU48
 113:Middlewares/Third_Party/FreeRTOS/Source/list.c **** 
 114:Middlewares/Third_Party/FreeRTOS/Source/list.c **** 	/* Insert the new list item into the list, sorted in xItemValue order.
 115:Middlewares/Third_Party/FreeRTOS/Source/list.c **** 
 116:Middlewares/Third_Party/FreeRTOS/Source/list.c **** 	If the list already contains a list item with the same item value then the
 117:Middlewares/Third_Party/FreeRTOS/Source/list.c **** 	new list item should be placed after it.  This ensures that TCB's which are
 118:Middlewares/Third_Party/FreeRTOS/Source/list.c **** 	stored in ready lists (all of which have the same xItemValue value) get a
 119:Middlewares/Third_Party/FreeRTOS/Source/list.c **** 	share of the CPU.  However, if the xItemValue is the same as the back marker
 120:Middlewares/Third_Party/FreeRTOS/Source/list.c **** 	the iteration loop below will not end.  Therefore the value is checked
 121:Middlewares/Third_Party/FreeRTOS/Source/list.c **** 	first, and the algorithm slightly modified if necessary. */
 122:Middlewares/Third_Party/FreeRTOS/Source/list.c **** 	if( xValueOfInsertion == portMAX_DELAY )
 164              		.loc 1 122 2 view .LVU49
 165              		.loc 1 122 4 is_stmt 0 view .LVU50
 166 0004 B5F1FF3F 		cmp	r5, #-1
 167 0008 11D0     		beq	.L9
 123:Middlewares/Third_Party/FreeRTOS/Source/list.c **** 	{
 124:Middlewares/Third_Party/FreeRTOS/Source/list.c **** 		pxIterator = pxList->xListEnd.pxPrevious;
 125:Middlewares/Third_Party/FreeRTOS/Source/list.c **** 	}
ARM GAS  C:\Users\LJH\AppData\Local\Temp\ccvvn2j5.s 			page 6


 126:Middlewares/Third_Party/FreeRTOS/Source/list.c **** 	else
 127:Middlewares/Third_Party/FreeRTOS/Source/list.c **** 	{
 128:Middlewares/Third_Party/FreeRTOS/Source/list.c **** 		/* *** NOTE ***********************************************************
 129:Middlewares/Third_Party/FreeRTOS/Source/list.c **** 		If you find your application is crashing here then likely causes are
 130:Middlewares/Third_Party/FreeRTOS/Source/list.c **** 		listed below.  In addition see http://www.freertos.org/FAQHelp.html for
 131:Middlewares/Third_Party/FreeRTOS/Source/list.c **** 		more tips, and ensure configASSERT() is defined!
 132:Middlewares/Third_Party/FreeRTOS/Source/list.c **** 		http://www.freertos.org/a00110.html#configASSERT
 133:Middlewares/Third_Party/FreeRTOS/Source/list.c **** 
 134:Middlewares/Third_Party/FreeRTOS/Source/list.c **** 			1) Stack overflow -
 135:Middlewares/Third_Party/FreeRTOS/Source/list.c **** 			   see http://www.freertos.org/Stacks-and-stack-overflow-checking.html
 136:Middlewares/Third_Party/FreeRTOS/Source/list.c **** 			2) Incorrect interrupt priority assignment, especially on Cortex-M
 137:Middlewares/Third_Party/FreeRTOS/Source/list.c **** 			   parts where numerically high priority values denote low actual
 138:Middlewares/Third_Party/FreeRTOS/Source/list.c **** 			   interrupt priorities, which can seem counter intuitive.  See
 139:Middlewares/Third_Party/FreeRTOS/Source/list.c **** 			   http://www.freertos.org/RTOS-Cortex-M3-M4.html and the definition
 140:Middlewares/Third_Party/FreeRTOS/Source/list.c **** 			   of configMAX_SYSCALL_INTERRUPT_PRIORITY on
 141:Middlewares/Third_Party/FreeRTOS/Source/list.c **** 			   http://www.freertos.org/a00110.html
 142:Middlewares/Third_Party/FreeRTOS/Source/list.c **** 			3) Calling an API function from within a critical section or when
 143:Middlewares/Third_Party/FreeRTOS/Source/list.c **** 			   the scheduler is suspended, or calling an API function that does
 144:Middlewares/Third_Party/FreeRTOS/Source/list.c **** 			   not end in "FromISR" from an interrupt.
 145:Middlewares/Third_Party/FreeRTOS/Source/list.c **** 			4) Using a queue or semaphore before it has been initialised or
 146:Middlewares/Third_Party/FreeRTOS/Source/list.c **** 			   before the scheduler has been started (are interrupts firing
 147:Middlewares/Third_Party/FreeRTOS/Source/list.c **** 			   before vTaskStartScheduler() has been called?).
 148:Middlewares/Third_Party/FreeRTOS/Source/list.c **** 		**********************************************************************/
 149:Middlewares/Third_Party/FreeRTOS/Source/list.c **** 
 150:Middlewares/Third_Party/FreeRTOS/Source/list.c **** 		for( pxIterator = ( ListItem_t * ) &( pxList->xListEnd ); pxIterator->pxNext->xItemValue <= xValu
 168              		.loc 1 150 3 is_stmt 1 view .LVU51
 169              		.loc 1 150 19 is_stmt 0 view .LVU52
 170 000a 00F10803 		add	r3, r0, #8
 171              	.LVL7:
 172              	.L7:
 173              		.loc 1 150 61 is_stmt 1 discriminator 1 view .LVU53
 174 000e 1C46     		mov	r4, r3
 175              		.loc 1 150 71 is_stmt 0 discriminator 1 view .LVU54
 176 0010 5B68     		ldr	r3, [r3, #4]
 177              	.LVL8:
 178              		.loc 1 150 79 discriminator 1 view .LVU55
 179 0012 1A68     		ldr	r2, [r3]
 180              		.loc 1 150 3 discriminator 1 view .LVU56
 181 0014 AA42     		cmp	r2, r5
 182 0016 FAD9     		bls	.L7
 183              	.L6:
 151:Middlewares/Third_Party/FreeRTOS/Source/list.c **** 		{
 152:Middlewares/Third_Party/FreeRTOS/Source/list.c **** 			/* There is nothing to do here, just iterating to the wanted
 153:Middlewares/Third_Party/FreeRTOS/Source/list.c **** 			insertion position. */
 154:Middlewares/Third_Party/FreeRTOS/Source/list.c **** 		}
 155:Middlewares/Third_Party/FreeRTOS/Source/list.c **** 	}
 156:Middlewares/Third_Party/FreeRTOS/Source/list.c **** 
 157:Middlewares/Third_Party/FreeRTOS/Source/list.c **** 	pxNewListItem->pxNext = pxIterator->pxNext;
 184              		.loc 1 157 2 is_stmt 1 view .LVU57
 185              		.loc 1 157 36 is_stmt 0 view .LVU58
 186 0018 6368     		ldr	r3, [r4, #4]
 187              		.loc 1 157 24 view .LVU59
 188 001a 4B60     		str	r3, [r1, #4]
 158:Middlewares/Third_Party/FreeRTOS/Source/list.c **** 	pxNewListItem->pxNext->pxPrevious = pxNewListItem;
 189              		.loc 1 158 2 is_stmt 1 view .LVU60
 190              		.loc 1 158 36 is_stmt 0 view .LVU61
 191 001c 9960     		str	r1, [r3, #8]
ARM GAS  C:\Users\LJH\AppData\Local\Temp\ccvvn2j5.s 			page 7


 159:Middlewares/Third_Party/FreeRTOS/Source/list.c **** 	pxNewListItem->pxPrevious = pxIterator;
 192              		.loc 1 159 2 is_stmt 1 view .LVU62
 193              		.loc 1 159 28 is_stmt 0 view .LVU63
 194 001e 8C60     		str	r4, [r1, #8]
 160:Middlewares/Third_Party/FreeRTOS/Source/list.c **** 	pxIterator->pxNext = pxNewListItem;
 195              		.loc 1 160 2 is_stmt 1 view .LVU64
 196              		.loc 1 160 21 is_stmt 0 view .LVU65
 197 0020 6160     		str	r1, [r4, #4]
 161:Middlewares/Third_Party/FreeRTOS/Source/list.c **** 
 162:Middlewares/Third_Party/FreeRTOS/Source/list.c **** 	/* Remember which list the item is in.  This allows fast removal of the
 163:Middlewares/Third_Party/FreeRTOS/Source/list.c **** 	item later. */
 164:Middlewares/Third_Party/FreeRTOS/Source/list.c **** 	pxNewListItem->pvContainer = ( void * ) pxList;
 198              		.loc 1 164 2 is_stmt 1 view .LVU66
 199              		.loc 1 164 29 is_stmt 0 view .LVU67
 200 0022 0861     		str	r0, [r1, #16]
 165:Middlewares/Third_Party/FreeRTOS/Source/list.c **** 
 166:Middlewares/Third_Party/FreeRTOS/Source/list.c **** 	( pxList->uxNumberOfItems )++;
 201              		.loc 1 166 2 is_stmt 1 view .LVU68
 202              		.loc 1 166 10 is_stmt 0 view .LVU69
 203 0024 0368     		ldr	r3, [r0]
 204              		.loc 1 166 29 view .LVU70
 205 0026 0133     		adds	r3, r3, #1
 206 0028 0360     		str	r3, [r0]
 167:Middlewares/Third_Party/FreeRTOS/Source/list.c **** }
 207              		.loc 1 167 1 view .LVU71
 208 002a 30BC     		pop	{r4, r5}
 209              	.LCFI1:
 210              		.cfi_remember_state
 211              		.cfi_restore 5
 212              		.cfi_restore 4
 213              		.cfi_def_cfa_offset 0
 214              	.LVL9:
 215              		.loc 1 167 1 view .LVU72
 216 002c 7047     		bx	lr
 217              	.LVL10:
 218              	.L9:
 219              	.LCFI2:
 220              		.cfi_restore_state
 124:Middlewares/Third_Party/FreeRTOS/Source/list.c **** 	}
 221              		.loc 1 124 3 is_stmt 1 view .LVU73
 124:Middlewares/Third_Party/FreeRTOS/Source/list.c **** 	}
 222              		.loc 1 124 14 is_stmt 0 view .LVU74
 223 002e 0469     		ldr	r4, [r0, #16]
 224              	.LVL11:
 124:Middlewares/Third_Party/FreeRTOS/Source/list.c **** 	}
 225              		.loc 1 124 14 view .LVU75
 226 0030 F2E7     		b	.L6
 227              		.cfi_endproc
 228              	.LFE8:
 230              		.section	.text.uxListRemove,"ax",%progbits
 231              		.align	1
 232              		.global	uxListRemove
 233              		.syntax unified
 234              		.thumb
 235              		.thumb_func
 237              	uxListRemove:
 238              	.LVL12:
ARM GAS  C:\Users\LJH\AppData\Local\Temp\ccvvn2j5.s 			page 8


 239              	.LFB9:
 168:Middlewares/Third_Party/FreeRTOS/Source/list.c **** /*-----------------------------------------------------------*/
 169:Middlewares/Third_Party/FreeRTOS/Source/list.c **** 
 170:Middlewares/Third_Party/FreeRTOS/Source/list.c **** UBaseType_t uxListRemove( ListItem_t * const pxItemToRemove )
 171:Middlewares/Third_Party/FreeRTOS/Source/list.c **** {
 240              		.loc 1 171 1 is_stmt 1 view -0
 241              		.cfi_startproc
 242              		@ args = 0, pretend = 0, frame = 0
 243              		@ frame_needed = 0, uses_anonymous_args = 0
 244              		@ link register save eliminated.
 172:Middlewares/Third_Party/FreeRTOS/Source/list.c **** /* The list item knows which list it is in.  Obtain the list from the list
 173:Middlewares/Third_Party/FreeRTOS/Source/list.c **** item. */
 174:Middlewares/Third_Party/FreeRTOS/Source/list.c **** List_t * const pxList = ( List_t * ) pxItemToRemove->pvContainer;
 245              		.loc 1 174 1 view .LVU77
 246              		.loc 1 174 16 is_stmt 0 view .LVU78
 247 0000 0369     		ldr	r3, [r0, #16]
 248              	.LVL13:
 175:Middlewares/Third_Party/FreeRTOS/Source/list.c **** 
 176:Middlewares/Third_Party/FreeRTOS/Source/list.c **** 	pxItemToRemove->pxNext->pxPrevious = pxItemToRemove->pxPrevious;
 249              		.loc 1 176 2 is_stmt 1 view .LVU79
 250              		.loc 1 176 16 is_stmt 0 view .LVU80
 251 0002 4168     		ldr	r1, [r0, #4]
 252              		.loc 1 176 53 view .LVU81
 253 0004 8268     		ldr	r2, [r0, #8]
 254              		.loc 1 176 37 view .LVU82
 255 0006 8A60     		str	r2, [r1, #8]
 177:Middlewares/Third_Party/FreeRTOS/Source/list.c **** 	pxItemToRemove->pxPrevious->pxNext = pxItemToRemove->pxNext;
 256              		.loc 1 177 2 is_stmt 1 view .LVU83
 257              		.loc 1 177 53 is_stmt 0 view .LVU84
 258 0008 4168     		ldr	r1, [r0, #4]
 259              		.loc 1 177 37 view .LVU85
 260 000a 5160     		str	r1, [r2, #4]
 178:Middlewares/Third_Party/FreeRTOS/Source/list.c **** 
 179:Middlewares/Third_Party/FreeRTOS/Source/list.c **** 	/* Only used during decision coverage testing. */
 180:Middlewares/Third_Party/FreeRTOS/Source/list.c **** 	mtCOVERAGE_TEST_DELAY();
 261              		.loc 1 180 25 is_stmt 1 view .LVU86
 181:Middlewares/Third_Party/FreeRTOS/Source/list.c **** 
 182:Middlewares/Third_Party/FreeRTOS/Source/list.c **** 	/* Make sure the index is left pointing to a valid item. */
 183:Middlewares/Third_Party/FreeRTOS/Source/list.c **** 	if( pxList->pxIndex == pxItemToRemove )
 262              		.loc 1 183 2 view .LVU87
 263              		.loc 1 183 12 is_stmt 0 view .LVU88
 264 000c 5A68     		ldr	r2, [r3, #4]
 265              		.loc 1 183 4 view .LVU89
 266 000e 8242     		cmp	r2, r0
 267 0010 06D0     		beq	.L12
 268              	.L11:
 184:Middlewares/Third_Party/FreeRTOS/Source/list.c **** 	{
 185:Middlewares/Third_Party/FreeRTOS/Source/list.c **** 		pxList->pxIndex = pxItemToRemove->pxPrevious;
 186:Middlewares/Third_Party/FreeRTOS/Source/list.c **** 	}
 187:Middlewares/Third_Party/FreeRTOS/Source/list.c **** 	else
 188:Middlewares/Third_Party/FreeRTOS/Source/list.c **** 	{
 189:Middlewares/Third_Party/FreeRTOS/Source/list.c **** 		mtCOVERAGE_TEST_MARKER();
 269              		.loc 1 189 27 is_stmt 1 view .LVU90
 190:Middlewares/Third_Party/FreeRTOS/Source/list.c **** 	}
 191:Middlewares/Third_Party/FreeRTOS/Source/list.c **** 
 192:Middlewares/Third_Party/FreeRTOS/Source/list.c **** 	pxItemToRemove->pvContainer = NULL;
 270              		.loc 1 192 2 view .LVU91
ARM GAS  C:\Users\LJH\AppData\Local\Temp\ccvvn2j5.s 			page 9


 271              		.loc 1 192 30 is_stmt 0 view .LVU92
 272 0012 0022     		movs	r2, #0
 273 0014 0261     		str	r2, [r0, #16]
 193:Middlewares/Third_Party/FreeRTOS/Source/list.c **** 	( pxList->uxNumberOfItems )--;
 274              		.loc 1 193 2 is_stmt 1 view .LVU93
 275              		.loc 1 193 10 is_stmt 0 view .LVU94
 276 0016 1A68     		ldr	r2, [r3]
 277              		.loc 1 193 29 view .LVU95
 278 0018 013A     		subs	r2, r2, #1
 279 001a 1A60     		str	r2, [r3]
 194:Middlewares/Third_Party/FreeRTOS/Source/list.c **** 
 195:Middlewares/Third_Party/FreeRTOS/Source/list.c **** 	return pxList->uxNumberOfItems;
 280              		.loc 1 195 2 is_stmt 1 view .LVU96
 281              		.loc 1 195 15 is_stmt 0 view .LVU97
 282 001c 1868     		ldr	r0, [r3]
 283              	.LVL14:
 196:Middlewares/Third_Party/FreeRTOS/Source/list.c **** }
 284              		.loc 1 196 1 view .LVU98
 285 001e 7047     		bx	lr
 286              	.LVL15:
 287              	.L12:
 185:Middlewares/Third_Party/FreeRTOS/Source/list.c **** 	}
 288              		.loc 1 185 3 is_stmt 1 view .LVU99
 185:Middlewares/Third_Party/FreeRTOS/Source/list.c **** 	}
 289              		.loc 1 185 35 is_stmt 0 view .LVU100
 290 0020 8268     		ldr	r2, [r0, #8]
 185:Middlewares/Third_Party/FreeRTOS/Source/list.c **** 	}
 291              		.loc 1 185 19 view .LVU101
 292 0022 5A60     		str	r2, [r3, #4]
 293 0024 F5E7     		b	.L11
 294              		.cfi_endproc
 295              	.LFE9:
 297              		.text
 298              	.Letext0:
 299              		.file 2 "c:\\program files (x86)\\gnu arm embedded toolchain\\10 2021.10\\arm-none-eabi\\include\\
 300              		.file 3 "c:\\program files (x86)\\gnu arm embedded toolchain\\10 2021.10\\arm-none-eabi\\include\\
 301              		.file 4 "Middlewares/Third_Party/FreeRTOS/Source/portable/GCC/ARM_CM3/portmacro.h"
 302              		.file 5 "Middlewares/Third_Party/FreeRTOS/Source/include/list.h"
ARM GAS  C:\Users\LJH\AppData\Local\Temp\ccvvn2j5.s 			page 10


DEFINED SYMBOLS
                            *ABS*:00000000 list.c
C:\Users\LJH\AppData\Local\Temp\ccvvn2j5.s:18     .text.vListInitialise:00000000 $t
C:\Users\LJH\AppData\Local\Temp\ccvvn2j5.s:24     .text.vListInitialise:00000000 vListInitialise
C:\Users\LJH\AppData\Local\Temp\ccvvn2j5.s:60     .text.vListInitialiseItem:00000000 $t
C:\Users\LJH\AppData\Local\Temp\ccvvn2j5.s:66     .text.vListInitialiseItem:00000000 vListInitialiseItem
C:\Users\LJH\AppData\Local\Temp\ccvvn2j5.s:86     .text.vListInsertEnd:00000000 $t
C:\Users\LJH\AppData\Local\Temp\ccvvn2j5.s:92     .text.vListInsertEnd:00000000 vListInsertEnd
C:\Users\LJH\AppData\Local\Temp\ccvvn2j5.s:137    .text.vListInsert:00000000 $t
C:\Users\LJH\AppData\Local\Temp\ccvvn2j5.s:143    .text.vListInsert:00000000 vListInsert
C:\Users\LJH\AppData\Local\Temp\ccvvn2j5.s:231    .text.uxListRemove:00000000 $t
C:\Users\LJH\AppData\Local\Temp\ccvvn2j5.s:237    .text.uxListRemove:00000000 uxListRemove

NO UNDEFINED SYMBOLS
