ARM GAS  C:\Users\LJH\AppData\Local\Temp\ccebBpTI.s 			page 1


   1              		.cpu cortex-m3
   2              		.arch armv7-m
   3              		.fpu softvfp
   4              		.eabi_attribute 20, 1
   5              		.eabi_attribute 21, 1
   6              		.eabi_attribute 23, 3
   7              		.eabi_attribute 24, 1
   8              		.eabi_attribute 25, 1
   9              		.eabi_attribute 26, 1
  10              		.eabi_attribute 30, 1
  11              		.eabi_attribute 34, 1
  12              		.eabi_attribute 18, 4
  13              		.file	"stm32f1xx_hal_rcc_ex.c"
  14              		.text
  15              	.Ltext0:
  16              		.cfi_sections	.debug_frame
  17              		.section	.text.HAL_RCCEx_PeriphCLKConfig,"ax",%progbits
  18              		.align	1
  19              		.global	HAL_RCCEx_PeriphCLKConfig
  20              		.syntax unified
  21              		.thumb
  22              		.thumb_func
  24              	HAL_RCCEx_PeriphCLKConfig:
  25              	.LVL0:
  26              	.LFB65:
  27              		.file 1 "Drivers/STM32F1xx_HAL_Driver/Src/stm32f1xx_hal_rcc_ex.c"
   1:Drivers/STM32F1xx_HAL_Driver/Src/stm32f1xx_hal_rcc_ex.c **** /**
   2:Drivers/STM32F1xx_HAL_Driver/Src/stm32f1xx_hal_rcc_ex.c ****   ******************************************************************************
   3:Drivers/STM32F1xx_HAL_Driver/Src/stm32f1xx_hal_rcc_ex.c ****   * @file    stm32f1xx_hal_rcc_ex.c
   4:Drivers/STM32F1xx_HAL_Driver/Src/stm32f1xx_hal_rcc_ex.c ****   * @author  MCD Application Team
   5:Drivers/STM32F1xx_HAL_Driver/Src/stm32f1xx_hal_rcc_ex.c ****   * @brief   Extended RCC HAL module driver.
   6:Drivers/STM32F1xx_HAL_Driver/Src/stm32f1xx_hal_rcc_ex.c ****   *          This file provides firmware functions to manage the following
   7:Drivers/STM32F1xx_HAL_Driver/Src/stm32f1xx_hal_rcc_ex.c ****   *          functionalities RCC extension peripheral:
   8:Drivers/STM32F1xx_HAL_Driver/Src/stm32f1xx_hal_rcc_ex.c ****   *           + Extended Peripheral Control functions
   9:Drivers/STM32F1xx_HAL_Driver/Src/stm32f1xx_hal_rcc_ex.c ****   *
  10:Drivers/STM32F1xx_HAL_Driver/Src/stm32f1xx_hal_rcc_ex.c ****   ******************************************************************************
  11:Drivers/STM32F1xx_HAL_Driver/Src/stm32f1xx_hal_rcc_ex.c ****   * @attention
  12:Drivers/STM32F1xx_HAL_Driver/Src/stm32f1xx_hal_rcc_ex.c ****   *
  13:Drivers/STM32F1xx_HAL_Driver/Src/stm32f1xx_hal_rcc_ex.c ****   * <h2><center>&copy; Copyright (c) 2016 STMicroelectronics.
  14:Drivers/STM32F1xx_HAL_Driver/Src/stm32f1xx_hal_rcc_ex.c ****   * All rights reserved.</center></h2>
  15:Drivers/STM32F1xx_HAL_Driver/Src/stm32f1xx_hal_rcc_ex.c ****   *
  16:Drivers/STM32F1xx_HAL_Driver/Src/stm32f1xx_hal_rcc_ex.c ****   * This software component is licensed by ST under BSD 3-Clause license,
  17:Drivers/STM32F1xx_HAL_Driver/Src/stm32f1xx_hal_rcc_ex.c ****   * the "License"; You may not use this file except in compliance with the
  18:Drivers/STM32F1xx_HAL_Driver/Src/stm32f1xx_hal_rcc_ex.c ****   * License. You may obtain a copy of the License at:
  19:Drivers/STM32F1xx_HAL_Driver/Src/stm32f1xx_hal_rcc_ex.c ****   *                        opensource.org/licenses/BSD-3-Clause
  20:Drivers/STM32F1xx_HAL_Driver/Src/stm32f1xx_hal_rcc_ex.c ****   *
  21:Drivers/STM32F1xx_HAL_Driver/Src/stm32f1xx_hal_rcc_ex.c ****   ******************************************************************************
  22:Drivers/STM32F1xx_HAL_Driver/Src/stm32f1xx_hal_rcc_ex.c ****   */
  23:Drivers/STM32F1xx_HAL_Driver/Src/stm32f1xx_hal_rcc_ex.c **** 
  24:Drivers/STM32F1xx_HAL_Driver/Src/stm32f1xx_hal_rcc_ex.c **** /* Includes ------------------------------------------------------------------*/
  25:Drivers/STM32F1xx_HAL_Driver/Src/stm32f1xx_hal_rcc_ex.c **** #include "stm32f1xx_hal.h"
  26:Drivers/STM32F1xx_HAL_Driver/Src/stm32f1xx_hal_rcc_ex.c **** 
  27:Drivers/STM32F1xx_HAL_Driver/Src/stm32f1xx_hal_rcc_ex.c **** /** @addtogroup STM32F1xx_HAL_Driver
  28:Drivers/STM32F1xx_HAL_Driver/Src/stm32f1xx_hal_rcc_ex.c ****   * @{
  29:Drivers/STM32F1xx_HAL_Driver/Src/stm32f1xx_hal_rcc_ex.c ****   */
  30:Drivers/STM32F1xx_HAL_Driver/Src/stm32f1xx_hal_rcc_ex.c **** 
  31:Drivers/STM32F1xx_HAL_Driver/Src/stm32f1xx_hal_rcc_ex.c **** #ifdef HAL_RCC_MODULE_ENABLED
ARM GAS  C:\Users\LJH\AppData\Local\Temp\ccebBpTI.s 			page 2


  32:Drivers/STM32F1xx_HAL_Driver/Src/stm32f1xx_hal_rcc_ex.c **** 
  33:Drivers/STM32F1xx_HAL_Driver/Src/stm32f1xx_hal_rcc_ex.c **** /** @defgroup RCCEx RCCEx
  34:Drivers/STM32F1xx_HAL_Driver/Src/stm32f1xx_hal_rcc_ex.c ****   * @brief RCC Extension HAL module driver.
  35:Drivers/STM32F1xx_HAL_Driver/Src/stm32f1xx_hal_rcc_ex.c ****   * @{
  36:Drivers/STM32F1xx_HAL_Driver/Src/stm32f1xx_hal_rcc_ex.c ****   */
  37:Drivers/STM32F1xx_HAL_Driver/Src/stm32f1xx_hal_rcc_ex.c **** 
  38:Drivers/STM32F1xx_HAL_Driver/Src/stm32f1xx_hal_rcc_ex.c **** /* Private typedef -----------------------------------------------------------*/
  39:Drivers/STM32F1xx_HAL_Driver/Src/stm32f1xx_hal_rcc_ex.c **** /* Private define ------------------------------------------------------------*/
  40:Drivers/STM32F1xx_HAL_Driver/Src/stm32f1xx_hal_rcc_ex.c **** /** @defgroup RCCEx_Private_Constants RCCEx Private Constants
  41:Drivers/STM32F1xx_HAL_Driver/Src/stm32f1xx_hal_rcc_ex.c ****   * @{
  42:Drivers/STM32F1xx_HAL_Driver/Src/stm32f1xx_hal_rcc_ex.c ****   */
  43:Drivers/STM32F1xx_HAL_Driver/Src/stm32f1xx_hal_rcc_ex.c **** /**
  44:Drivers/STM32F1xx_HAL_Driver/Src/stm32f1xx_hal_rcc_ex.c ****   * @}
  45:Drivers/STM32F1xx_HAL_Driver/Src/stm32f1xx_hal_rcc_ex.c ****   */
  46:Drivers/STM32F1xx_HAL_Driver/Src/stm32f1xx_hal_rcc_ex.c **** 
  47:Drivers/STM32F1xx_HAL_Driver/Src/stm32f1xx_hal_rcc_ex.c **** /* Private macro -------------------------------------------------------------*/
  48:Drivers/STM32F1xx_HAL_Driver/Src/stm32f1xx_hal_rcc_ex.c **** /** @defgroup RCCEx_Private_Macros RCCEx Private Macros
  49:Drivers/STM32F1xx_HAL_Driver/Src/stm32f1xx_hal_rcc_ex.c ****   * @{
  50:Drivers/STM32F1xx_HAL_Driver/Src/stm32f1xx_hal_rcc_ex.c ****   */
  51:Drivers/STM32F1xx_HAL_Driver/Src/stm32f1xx_hal_rcc_ex.c **** /**
  52:Drivers/STM32F1xx_HAL_Driver/Src/stm32f1xx_hal_rcc_ex.c ****   * @}
  53:Drivers/STM32F1xx_HAL_Driver/Src/stm32f1xx_hal_rcc_ex.c ****   */
  54:Drivers/STM32F1xx_HAL_Driver/Src/stm32f1xx_hal_rcc_ex.c **** 
  55:Drivers/STM32F1xx_HAL_Driver/Src/stm32f1xx_hal_rcc_ex.c **** /* Private variables ---------------------------------------------------------*/
  56:Drivers/STM32F1xx_HAL_Driver/Src/stm32f1xx_hal_rcc_ex.c **** /* Private function prototypes -----------------------------------------------*/
  57:Drivers/STM32F1xx_HAL_Driver/Src/stm32f1xx_hal_rcc_ex.c **** /* Private functions ---------------------------------------------------------*/
  58:Drivers/STM32F1xx_HAL_Driver/Src/stm32f1xx_hal_rcc_ex.c **** 
  59:Drivers/STM32F1xx_HAL_Driver/Src/stm32f1xx_hal_rcc_ex.c **** /** @defgroup RCCEx_Exported_Functions RCCEx Exported Functions
  60:Drivers/STM32F1xx_HAL_Driver/Src/stm32f1xx_hal_rcc_ex.c ****   * @{
  61:Drivers/STM32F1xx_HAL_Driver/Src/stm32f1xx_hal_rcc_ex.c ****   */
  62:Drivers/STM32F1xx_HAL_Driver/Src/stm32f1xx_hal_rcc_ex.c **** 
  63:Drivers/STM32F1xx_HAL_Driver/Src/stm32f1xx_hal_rcc_ex.c **** /** @defgroup RCCEx_Exported_Functions_Group1 Peripheral Control functions
  64:Drivers/STM32F1xx_HAL_Driver/Src/stm32f1xx_hal_rcc_ex.c ****   *  @brief  Extended Peripheral Control functions
  65:Drivers/STM32F1xx_HAL_Driver/Src/stm32f1xx_hal_rcc_ex.c ****   *
  66:Drivers/STM32F1xx_HAL_Driver/Src/stm32f1xx_hal_rcc_ex.c **** @verbatim
  67:Drivers/STM32F1xx_HAL_Driver/Src/stm32f1xx_hal_rcc_ex.c ****  ===============================================================================
  68:Drivers/STM32F1xx_HAL_Driver/Src/stm32f1xx_hal_rcc_ex.c ****                 ##### Extended Peripheral Control functions  #####
  69:Drivers/STM32F1xx_HAL_Driver/Src/stm32f1xx_hal_rcc_ex.c ****  ===============================================================================
  70:Drivers/STM32F1xx_HAL_Driver/Src/stm32f1xx_hal_rcc_ex.c ****     [..]
  71:Drivers/STM32F1xx_HAL_Driver/Src/stm32f1xx_hal_rcc_ex.c ****     This subsection provides a set of functions allowing to control the RCC Clocks
  72:Drivers/STM32F1xx_HAL_Driver/Src/stm32f1xx_hal_rcc_ex.c ****     frequencies.
  73:Drivers/STM32F1xx_HAL_Driver/Src/stm32f1xx_hal_rcc_ex.c ****     [..]
  74:Drivers/STM32F1xx_HAL_Driver/Src/stm32f1xx_hal_rcc_ex.c ****     (@) Important note: Care must be taken when HAL_RCCEx_PeriphCLKConfig() is used to
  75:Drivers/STM32F1xx_HAL_Driver/Src/stm32f1xx_hal_rcc_ex.c ****         select the RTC clock source; in this case the Backup domain will be reset in
  76:Drivers/STM32F1xx_HAL_Driver/Src/stm32f1xx_hal_rcc_ex.c ****         order to modify the RTC Clock source, as consequence RTC registers (including
  77:Drivers/STM32F1xx_HAL_Driver/Src/stm32f1xx_hal_rcc_ex.c ****         the backup registers) are set to their reset values.
  78:Drivers/STM32F1xx_HAL_Driver/Src/stm32f1xx_hal_rcc_ex.c **** 
  79:Drivers/STM32F1xx_HAL_Driver/Src/stm32f1xx_hal_rcc_ex.c **** @endverbatim
  80:Drivers/STM32F1xx_HAL_Driver/Src/stm32f1xx_hal_rcc_ex.c ****   * @{
  81:Drivers/STM32F1xx_HAL_Driver/Src/stm32f1xx_hal_rcc_ex.c ****   */
  82:Drivers/STM32F1xx_HAL_Driver/Src/stm32f1xx_hal_rcc_ex.c **** 
  83:Drivers/STM32F1xx_HAL_Driver/Src/stm32f1xx_hal_rcc_ex.c **** /**
  84:Drivers/STM32F1xx_HAL_Driver/Src/stm32f1xx_hal_rcc_ex.c ****   * @brief  Initializes the RCC extended peripherals clocks according to the specified parameters i
  85:Drivers/STM32F1xx_HAL_Driver/Src/stm32f1xx_hal_rcc_ex.c ****   *         RCC_PeriphCLKInitTypeDef.
  86:Drivers/STM32F1xx_HAL_Driver/Src/stm32f1xx_hal_rcc_ex.c ****   * @param  PeriphClkInit pointer to an RCC_PeriphCLKInitTypeDef structure that
  87:Drivers/STM32F1xx_HAL_Driver/Src/stm32f1xx_hal_rcc_ex.c ****   *         contains the configuration information for the Extended Peripherals clocks(RTC clock).
  88:Drivers/STM32F1xx_HAL_Driver/Src/stm32f1xx_hal_rcc_ex.c ****   *
ARM GAS  C:\Users\LJH\AppData\Local\Temp\ccebBpTI.s 			page 3


  89:Drivers/STM32F1xx_HAL_Driver/Src/stm32f1xx_hal_rcc_ex.c ****   * @note   Care must be taken when HAL_RCCEx_PeriphCLKConfig() is used to select
  90:Drivers/STM32F1xx_HAL_Driver/Src/stm32f1xx_hal_rcc_ex.c ****   *         the RTC clock source; in this case the Backup domain will be reset in
  91:Drivers/STM32F1xx_HAL_Driver/Src/stm32f1xx_hal_rcc_ex.c ****   *         order to modify the RTC Clock source, as consequence RTC registers (including
  92:Drivers/STM32F1xx_HAL_Driver/Src/stm32f1xx_hal_rcc_ex.c ****   *         the backup registers) are set to their reset values.
  93:Drivers/STM32F1xx_HAL_Driver/Src/stm32f1xx_hal_rcc_ex.c ****   *
  94:Drivers/STM32F1xx_HAL_Driver/Src/stm32f1xx_hal_rcc_ex.c ****   * @note   In case of STM32F105xC or STM32F107xC devices, PLLI2S will be enabled if requested on
  95:Drivers/STM32F1xx_HAL_Driver/Src/stm32f1xx_hal_rcc_ex.c ****   *         one of 2 I2S interfaces. When PLLI2S is enabled, you need to call HAL_RCCEx_DisablePLLI
  96:Drivers/STM32F1xx_HAL_Driver/Src/stm32f1xx_hal_rcc_ex.c ****   *         manually disable it.
  97:Drivers/STM32F1xx_HAL_Driver/Src/stm32f1xx_hal_rcc_ex.c ****   *
  98:Drivers/STM32F1xx_HAL_Driver/Src/stm32f1xx_hal_rcc_ex.c ****   * @retval HAL status
  99:Drivers/STM32F1xx_HAL_Driver/Src/stm32f1xx_hal_rcc_ex.c ****   */
 100:Drivers/STM32F1xx_HAL_Driver/Src/stm32f1xx_hal_rcc_ex.c **** HAL_StatusTypeDef HAL_RCCEx_PeriphCLKConfig(RCC_PeriphCLKInitTypeDef  *PeriphClkInit)
 101:Drivers/STM32F1xx_HAL_Driver/Src/stm32f1xx_hal_rcc_ex.c **** {
  28              		.loc 1 101 1 view -0
  29              		.cfi_startproc
  30              		@ args = 0, pretend = 0, frame = 8
  31              		@ frame_needed = 0, uses_anonymous_args = 0
  32              		.loc 1 101 1 is_stmt 0 view .LVU1
  33 0000 70B5     		push	{r4, r5, r6, lr}
  34              	.LCFI0:
  35              		.cfi_def_cfa_offset 16
  36              		.cfi_offset 4, -16
  37              		.cfi_offset 5, -12
  38              		.cfi_offset 6, -8
  39              		.cfi_offset 14, -4
  40 0002 82B0     		sub	sp, sp, #8
  41              	.LCFI1:
  42              		.cfi_def_cfa_offset 24
  43 0004 0446     		mov	r4, r0
 102:Drivers/STM32F1xx_HAL_Driver/Src/stm32f1xx_hal_rcc_ex.c ****   uint32_t tickstart = 0U, temp_reg = 0U;
  44              		.loc 1 102 3 is_stmt 1 view .LVU2
  45              	.LVL1:
 103:Drivers/STM32F1xx_HAL_Driver/Src/stm32f1xx_hal_rcc_ex.c **** #if defined(STM32F105xC) || defined(STM32F107xC)
 104:Drivers/STM32F1xx_HAL_Driver/Src/stm32f1xx_hal_rcc_ex.c ****   uint32_t  pllactive = 0U;
 105:Drivers/STM32F1xx_HAL_Driver/Src/stm32f1xx_hal_rcc_ex.c **** #endif /* STM32F105xC || STM32F107xC */
 106:Drivers/STM32F1xx_HAL_Driver/Src/stm32f1xx_hal_rcc_ex.c **** 
 107:Drivers/STM32F1xx_HAL_Driver/Src/stm32f1xx_hal_rcc_ex.c ****   /* Check the parameters */
 108:Drivers/STM32F1xx_HAL_Driver/Src/stm32f1xx_hal_rcc_ex.c ****   assert_param(IS_RCC_PERIPHCLOCK(PeriphClkInit->PeriphClockSelection));
  46              		.loc 1 108 3 view .LVU3
 109:Drivers/STM32F1xx_HAL_Driver/Src/stm32f1xx_hal_rcc_ex.c **** 
 110:Drivers/STM32F1xx_HAL_Driver/Src/stm32f1xx_hal_rcc_ex.c ****   /*------------------------------- RTC/LCD Configuration ------------------------*/
 111:Drivers/STM32F1xx_HAL_Driver/Src/stm32f1xx_hal_rcc_ex.c ****   if ((((PeriphClkInit->PeriphClockSelection) & RCC_PERIPHCLK_RTC) == RCC_PERIPHCLK_RTC))
  47              		.loc 1 111 3 view .LVU4
  48              		.loc 1 111 23 is_stmt 0 view .LVU5
  49 0006 0368     		ldr	r3, [r0]
  50              		.loc 1 111 6 view .LVU6
  51 0008 13F0010F 		tst	r3, #1
  52 000c 36D0     		beq	.L2
  53              	.LBB2:
 112:Drivers/STM32F1xx_HAL_Driver/Src/stm32f1xx_hal_rcc_ex.c ****   {
 113:Drivers/STM32F1xx_HAL_Driver/Src/stm32f1xx_hal_rcc_ex.c ****     FlagStatus pwrclkchanged = RESET;
  54              		.loc 1 113 5 is_stmt 1 view .LVU7
  55              	.LVL2:
 114:Drivers/STM32F1xx_HAL_Driver/Src/stm32f1xx_hal_rcc_ex.c **** 
 115:Drivers/STM32F1xx_HAL_Driver/Src/stm32f1xx_hal_rcc_ex.c ****     /* check for RTC Parameters used to output RTCCLK */
 116:Drivers/STM32F1xx_HAL_Driver/Src/stm32f1xx_hal_rcc_ex.c ****     assert_param(IS_RCC_RTCCLKSOURCE(PeriphClkInit->RTCClockSelection));
  56              		.loc 1 116 5 view .LVU8
ARM GAS  C:\Users\LJH\AppData\Local\Temp\ccebBpTI.s 			page 4


 117:Drivers/STM32F1xx_HAL_Driver/Src/stm32f1xx_hal_rcc_ex.c **** 
 118:Drivers/STM32F1xx_HAL_Driver/Src/stm32f1xx_hal_rcc_ex.c ****     /* As soon as function is called to change RTC clock source, activation of the
 119:Drivers/STM32F1xx_HAL_Driver/Src/stm32f1xx_hal_rcc_ex.c ****        power domain is done. */
 120:Drivers/STM32F1xx_HAL_Driver/Src/stm32f1xx_hal_rcc_ex.c ****     /* Requires to enable write access to Backup Domain of necessary */
 121:Drivers/STM32F1xx_HAL_Driver/Src/stm32f1xx_hal_rcc_ex.c ****     if (__HAL_RCC_PWR_IS_CLK_DISABLED())
  57              		.loc 1 121 5 view .LVU9
  58              		.loc 1 121 9 is_stmt 0 view .LVU10
  59 000e 3F4B     		ldr	r3, .L20
  60 0010 DB69     		ldr	r3, [r3, #28]
  61              		.loc 1 121 8 view .LVU11
  62 0012 13F0805F 		tst	r3, #268435456
  63 0016 49D1     		bne	.L12
 122:Drivers/STM32F1xx_HAL_Driver/Src/stm32f1xx_hal_rcc_ex.c ****     {
 123:Drivers/STM32F1xx_HAL_Driver/Src/stm32f1xx_hal_rcc_ex.c ****       __HAL_RCC_PWR_CLK_ENABLE();
  64              		.loc 1 123 7 is_stmt 1 view .LVU12
  65              	.LBB3:
  66              		.loc 1 123 7 view .LVU13
  67              		.loc 1 123 7 view .LVU14
  68 0018 3C4B     		ldr	r3, .L20
  69 001a DA69     		ldr	r2, [r3, #28]
  70 001c 42F08052 		orr	r2, r2, #268435456
  71 0020 DA61     		str	r2, [r3, #28]
  72              		.loc 1 123 7 view .LVU15
  73 0022 DB69     		ldr	r3, [r3, #28]
  74 0024 03F08053 		and	r3, r3, #268435456
  75 0028 0193     		str	r3, [sp, #4]
  76              		.loc 1 123 7 view .LVU16
  77 002a 019B     		ldr	r3, [sp, #4]
  78              	.LBE3:
  79              		.loc 1 123 7 view .LVU17
 124:Drivers/STM32F1xx_HAL_Driver/Src/stm32f1xx_hal_rcc_ex.c ****       pwrclkchanged = SET;
  80              		.loc 1 124 7 view .LVU18
  81              	.LVL3:
  82              		.loc 1 124 21 is_stmt 0 view .LVU19
  83 002c 0125     		movs	r5, #1
  84              	.LVL4:
  85              	.L3:
 125:Drivers/STM32F1xx_HAL_Driver/Src/stm32f1xx_hal_rcc_ex.c ****     }
 126:Drivers/STM32F1xx_HAL_Driver/Src/stm32f1xx_hal_rcc_ex.c **** 
 127:Drivers/STM32F1xx_HAL_Driver/Src/stm32f1xx_hal_rcc_ex.c ****     if (HAL_IS_BIT_CLR(PWR->CR, PWR_CR_DBP))
  86              		.loc 1 127 5 is_stmt 1 view .LVU20
  87              		.loc 1 127 9 is_stmt 0 view .LVU21
  88 002e 384B     		ldr	r3, .L20+4
  89 0030 1B68     		ldr	r3, [r3]
  90              		.loc 1 127 8 view .LVU22
  91 0032 13F4807F 		tst	r3, #256
  92 0036 3BD0     		beq	.L17
  93              	.LVL5:
  94              	.L4:
 128:Drivers/STM32F1xx_HAL_Driver/Src/stm32f1xx_hal_rcc_ex.c ****     {
 129:Drivers/STM32F1xx_HAL_Driver/Src/stm32f1xx_hal_rcc_ex.c ****       /* Enable write access to Backup domain */
 130:Drivers/STM32F1xx_HAL_Driver/Src/stm32f1xx_hal_rcc_ex.c ****       SET_BIT(PWR->CR, PWR_CR_DBP);
 131:Drivers/STM32F1xx_HAL_Driver/Src/stm32f1xx_hal_rcc_ex.c **** 
 132:Drivers/STM32F1xx_HAL_Driver/Src/stm32f1xx_hal_rcc_ex.c ****       /* Wait for Backup domain Write protection disable */
 133:Drivers/STM32F1xx_HAL_Driver/Src/stm32f1xx_hal_rcc_ex.c ****       tickstart = HAL_GetTick();
 134:Drivers/STM32F1xx_HAL_Driver/Src/stm32f1xx_hal_rcc_ex.c **** 
 135:Drivers/STM32F1xx_HAL_Driver/Src/stm32f1xx_hal_rcc_ex.c ****       while (HAL_IS_BIT_CLR(PWR->CR, PWR_CR_DBP))
ARM GAS  C:\Users\LJH\AppData\Local\Temp\ccebBpTI.s 			page 5


 136:Drivers/STM32F1xx_HAL_Driver/Src/stm32f1xx_hal_rcc_ex.c ****       {
 137:Drivers/STM32F1xx_HAL_Driver/Src/stm32f1xx_hal_rcc_ex.c ****         if ((HAL_GetTick() - tickstart) > RCC_DBP_TIMEOUT_VALUE)
 138:Drivers/STM32F1xx_HAL_Driver/Src/stm32f1xx_hal_rcc_ex.c ****         {
 139:Drivers/STM32F1xx_HAL_Driver/Src/stm32f1xx_hal_rcc_ex.c ****           return HAL_TIMEOUT;
 140:Drivers/STM32F1xx_HAL_Driver/Src/stm32f1xx_hal_rcc_ex.c ****         }
 141:Drivers/STM32F1xx_HAL_Driver/Src/stm32f1xx_hal_rcc_ex.c ****       }
 142:Drivers/STM32F1xx_HAL_Driver/Src/stm32f1xx_hal_rcc_ex.c ****     }
 143:Drivers/STM32F1xx_HAL_Driver/Src/stm32f1xx_hal_rcc_ex.c **** 
 144:Drivers/STM32F1xx_HAL_Driver/Src/stm32f1xx_hal_rcc_ex.c ****     /* Reset the Backup domain only if the RTC Clock source selection is modified from reset value 
 145:Drivers/STM32F1xx_HAL_Driver/Src/stm32f1xx_hal_rcc_ex.c ****     temp_reg = (RCC->BDCR & RCC_BDCR_RTCSEL);
  95              		.loc 1 145 5 is_stmt 1 view .LVU23
  96              		.loc 1 145 20 is_stmt 0 view .LVU24
  97 0038 344B     		ldr	r3, .L20
  98 003a 1B6A     		ldr	r3, [r3, #32]
  99              	.LVL6:
 146:Drivers/STM32F1xx_HAL_Driver/Src/stm32f1xx_hal_rcc_ex.c ****     if ((temp_reg != 0x00000000U) && (temp_reg != (PeriphClkInit->RTCClockSelection & RCC_BDCR_RTCS
 100              		.loc 1 146 5 is_stmt 1 view .LVU25
 101              		.loc 1 146 8 is_stmt 0 view .LVU26
 102 003c 13F44073 		ands	r3, r3, #768
 103              	.LVL7:
 104              		.loc 1 146 8 view .LVU27
 105 0040 13D0     		beq	.L8
 106              		.loc 1 146 65 discriminator 1 view .LVU28
 107 0042 6268     		ldr	r2, [r4, #4]
 108              		.loc 1 146 85 discriminator 1 view .LVU29
 109 0044 02F44072 		and	r2, r2, #768
 110              		.loc 1 146 35 discriminator 1 view .LVU30
 111 0048 9A42     		cmp	r2, r3
 112 004a 0ED0     		beq	.L8
 147:Drivers/STM32F1xx_HAL_Driver/Src/stm32f1xx_hal_rcc_ex.c ****     {
 148:Drivers/STM32F1xx_HAL_Driver/Src/stm32f1xx_hal_rcc_ex.c ****       /* Store the content of BDCR register before the reset of Backup Domain */
 149:Drivers/STM32F1xx_HAL_Driver/Src/stm32f1xx_hal_rcc_ex.c ****       temp_reg = (RCC->BDCR & ~(RCC_BDCR_RTCSEL));
 113              		.loc 1 149 7 is_stmt 1 view .LVU31
 114              		.loc 1 149 22 is_stmt 0 view .LVU32
 115 004c 2F4A     		ldr	r2, .L20
 116 004e 136A     		ldr	r3, [r2, #32]
 117              	.LVL8:
 118              		.loc 1 149 16 view .LVU33
 119 0050 23F44070 		bic	r0, r3, #768
 120              	.LVL9:
 150:Drivers/STM32F1xx_HAL_Driver/Src/stm32f1xx_hal_rcc_ex.c ****       /* RTC Clock selection can be changed only if the Backup Domain is reset */
 151:Drivers/STM32F1xx_HAL_Driver/Src/stm32f1xx_hal_rcc_ex.c ****       __HAL_RCC_BACKUPRESET_FORCE();
 121              		.loc 1 151 7 is_stmt 1 view .LVU34
 122 0054 2F49     		ldr	r1, .L20+8
 123 0056 0126     		movs	r6, #1
 124 0058 C1F84064 		str	r6, [r1, #1088]
 152:Drivers/STM32F1xx_HAL_Driver/Src/stm32f1xx_hal_rcc_ex.c ****       __HAL_RCC_BACKUPRESET_RELEASE();
 125              		.loc 1 152 7 view .LVU35
 126 005c 0026     		movs	r6, #0
 127 005e C1F84064 		str	r6, [r1, #1088]
 153:Drivers/STM32F1xx_HAL_Driver/Src/stm32f1xx_hal_rcc_ex.c ****       /* Restore the Content of BDCR register */
 154:Drivers/STM32F1xx_HAL_Driver/Src/stm32f1xx_hal_rcc_ex.c ****       RCC->BDCR = temp_reg;
 128              		.loc 1 154 7 view .LVU36
 129              		.loc 1 154 17 is_stmt 0 view .LVU37
 130 0062 1062     		str	r0, [r2, #32]
 155:Drivers/STM32F1xx_HAL_Driver/Src/stm32f1xx_hal_rcc_ex.c **** 
 156:Drivers/STM32F1xx_HAL_Driver/Src/stm32f1xx_hal_rcc_ex.c ****       /* Wait for LSERDY if LSE was enabled */
ARM GAS  C:\Users\LJH\AppData\Local\Temp\ccebBpTI.s 			page 6


 157:Drivers/STM32F1xx_HAL_Driver/Src/stm32f1xx_hal_rcc_ex.c ****       if (HAL_IS_BIT_SET(temp_reg, RCC_BDCR_LSEON))
 131              		.loc 1 157 7 is_stmt 1 view .LVU38
 132              		.loc 1 157 10 is_stmt 0 view .LVU39
 133 0064 13F0010F 		tst	r3, #1
 134 0068 36D1     		bne	.L18
 135              	.LVL10:
 136              	.L8:
 158:Drivers/STM32F1xx_HAL_Driver/Src/stm32f1xx_hal_rcc_ex.c ****       {
 159:Drivers/STM32F1xx_HAL_Driver/Src/stm32f1xx_hal_rcc_ex.c ****         /* Get Start Tick */
 160:Drivers/STM32F1xx_HAL_Driver/Src/stm32f1xx_hal_rcc_ex.c ****         tickstart = HAL_GetTick();
 161:Drivers/STM32F1xx_HAL_Driver/Src/stm32f1xx_hal_rcc_ex.c **** 
 162:Drivers/STM32F1xx_HAL_Driver/Src/stm32f1xx_hal_rcc_ex.c ****         /* Wait till LSE is ready */
 163:Drivers/STM32F1xx_HAL_Driver/Src/stm32f1xx_hal_rcc_ex.c ****         while (__HAL_RCC_GET_FLAG(RCC_FLAG_LSERDY) == RESET)
 164:Drivers/STM32F1xx_HAL_Driver/Src/stm32f1xx_hal_rcc_ex.c ****         {
 165:Drivers/STM32F1xx_HAL_Driver/Src/stm32f1xx_hal_rcc_ex.c ****           if ((HAL_GetTick() - tickstart) > RCC_LSE_TIMEOUT_VALUE)
 166:Drivers/STM32F1xx_HAL_Driver/Src/stm32f1xx_hal_rcc_ex.c ****           {
 167:Drivers/STM32F1xx_HAL_Driver/Src/stm32f1xx_hal_rcc_ex.c ****             return HAL_TIMEOUT;
 168:Drivers/STM32F1xx_HAL_Driver/Src/stm32f1xx_hal_rcc_ex.c ****           }
 169:Drivers/STM32F1xx_HAL_Driver/Src/stm32f1xx_hal_rcc_ex.c ****         }
 170:Drivers/STM32F1xx_HAL_Driver/Src/stm32f1xx_hal_rcc_ex.c ****       }
 171:Drivers/STM32F1xx_HAL_Driver/Src/stm32f1xx_hal_rcc_ex.c ****     }
 172:Drivers/STM32F1xx_HAL_Driver/Src/stm32f1xx_hal_rcc_ex.c ****     __HAL_RCC_RTC_CONFIG(PeriphClkInit->RTCClockSelection);
 137              		.loc 1 172 5 is_stmt 1 view .LVU40
 138 006a 284A     		ldr	r2, .L20
 139 006c 136A     		ldr	r3, [r2, #32]
 140 006e 23F44073 		bic	r3, r3, #768
 141 0072 6168     		ldr	r1, [r4, #4]
 142 0074 0B43     		orrs	r3, r3, r1
 143 0076 1362     		str	r3, [r2, #32]
 173:Drivers/STM32F1xx_HAL_Driver/Src/stm32f1xx_hal_rcc_ex.c **** 
 174:Drivers/STM32F1xx_HAL_Driver/Src/stm32f1xx_hal_rcc_ex.c ****     /* Require to disable power clock if necessary */
 175:Drivers/STM32F1xx_HAL_Driver/Src/stm32f1xx_hal_rcc_ex.c ****     if (pwrclkchanged == SET)
 144              		.loc 1 175 5 view .LVU41
 145              		.loc 1 175 8 is_stmt 0 view .LVU42
 146 0078 002D     		cmp	r5, #0
 147 007a 3ED1     		bne	.L19
 148              	.LVL11:
 149              	.L2:
 150              		.loc 1 175 8 view .LVU43
 151              	.LBE2:
 176:Drivers/STM32F1xx_HAL_Driver/Src/stm32f1xx_hal_rcc_ex.c ****     {
 177:Drivers/STM32F1xx_HAL_Driver/Src/stm32f1xx_hal_rcc_ex.c ****       __HAL_RCC_PWR_CLK_DISABLE();
 178:Drivers/STM32F1xx_HAL_Driver/Src/stm32f1xx_hal_rcc_ex.c ****     }
 179:Drivers/STM32F1xx_HAL_Driver/Src/stm32f1xx_hal_rcc_ex.c ****   }
 180:Drivers/STM32F1xx_HAL_Driver/Src/stm32f1xx_hal_rcc_ex.c **** 
 181:Drivers/STM32F1xx_HAL_Driver/Src/stm32f1xx_hal_rcc_ex.c ****   /*------------------------------ ADC clock Configuration ------------------*/
 182:Drivers/STM32F1xx_HAL_Driver/Src/stm32f1xx_hal_rcc_ex.c ****   if (((PeriphClkInit->PeriphClockSelection) & RCC_PERIPHCLK_ADC) == RCC_PERIPHCLK_ADC)
 152              		.loc 1 182 3 is_stmt 1 view .LVU44
 153              		.loc 1 182 22 is_stmt 0 view .LVU45
 154 007c 2368     		ldr	r3, [r4]
 155              		.loc 1 182 6 view .LVU46
 156 007e 13F0020F 		tst	r3, #2
 157 0082 06D0     		beq	.L11
 183:Drivers/STM32F1xx_HAL_Driver/Src/stm32f1xx_hal_rcc_ex.c ****   {
 184:Drivers/STM32F1xx_HAL_Driver/Src/stm32f1xx_hal_rcc_ex.c ****     /* Check the parameters */
 185:Drivers/STM32F1xx_HAL_Driver/Src/stm32f1xx_hal_rcc_ex.c ****     assert_param(IS_RCC_ADCPLLCLK_DIV(PeriphClkInit->AdcClockSelection));
 158              		.loc 1 185 5 is_stmt 1 view .LVU47
ARM GAS  C:\Users\LJH\AppData\Local\Temp\ccebBpTI.s 			page 7


 186:Drivers/STM32F1xx_HAL_Driver/Src/stm32f1xx_hal_rcc_ex.c **** 
 187:Drivers/STM32F1xx_HAL_Driver/Src/stm32f1xx_hal_rcc_ex.c ****     /* Configure the ADC clock source */
 188:Drivers/STM32F1xx_HAL_Driver/Src/stm32f1xx_hal_rcc_ex.c ****     __HAL_RCC_ADC_CONFIG(PeriphClkInit->AdcClockSelection);
 159              		.loc 1 188 5 view .LVU48
 160 0084 214A     		ldr	r2, .L20
 161 0086 5368     		ldr	r3, [r2, #4]
 162 0088 23F44043 		bic	r3, r3, #49152
 163 008c A168     		ldr	r1, [r4, #8]
 164 008e 0B43     		orrs	r3, r3, r1
 165 0090 5360     		str	r3, [r2, #4]
 166              	.L11:
 189:Drivers/STM32F1xx_HAL_Driver/Src/stm32f1xx_hal_rcc_ex.c ****   }
 190:Drivers/STM32F1xx_HAL_Driver/Src/stm32f1xx_hal_rcc_ex.c **** 
 191:Drivers/STM32F1xx_HAL_Driver/Src/stm32f1xx_hal_rcc_ex.c **** #if defined(STM32F105xC) || defined(STM32F107xC)
 192:Drivers/STM32F1xx_HAL_Driver/Src/stm32f1xx_hal_rcc_ex.c ****   /*------------------------------ I2S2 Configuration ------------------------*/
 193:Drivers/STM32F1xx_HAL_Driver/Src/stm32f1xx_hal_rcc_ex.c ****   if (((PeriphClkInit->PeriphClockSelection) & RCC_PERIPHCLK_I2S2) == RCC_PERIPHCLK_I2S2)
 194:Drivers/STM32F1xx_HAL_Driver/Src/stm32f1xx_hal_rcc_ex.c ****   {
 195:Drivers/STM32F1xx_HAL_Driver/Src/stm32f1xx_hal_rcc_ex.c ****     /* Check the parameters */
 196:Drivers/STM32F1xx_HAL_Driver/Src/stm32f1xx_hal_rcc_ex.c ****     assert_param(IS_RCC_I2S2CLKSOURCE(PeriphClkInit->I2s2ClockSelection));
 197:Drivers/STM32F1xx_HAL_Driver/Src/stm32f1xx_hal_rcc_ex.c **** 
 198:Drivers/STM32F1xx_HAL_Driver/Src/stm32f1xx_hal_rcc_ex.c ****     /* Configure the I2S2 clock source */
 199:Drivers/STM32F1xx_HAL_Driver/Src/stm32f1xx_hal_rcc_ex.c ****     __HAL_RCC_I2S2_CONFIG(PeriphClkInit->I2s2ClockSelection);
 200:Drivers/STM32F1xx_HAL_Driver/Src/stm32f1xx_hal_rcc_ex.c ****   }
 201:Drivers/STM32F1xx_HAL_Driver/Src/stm32f1xx_hal_rcc_ex.c **** 
 202:Drivers/STM32F1xx_HAL_Driver/Src/stm32f1xx_hal_rcc_ex.c ****   /*------------------------------ I2S3 Configuration ------------------------*/
 203:Drivers/STM32F1xx_HAL_Driver/Src/stm32f1xx_hal_rcc_ex.c ****   if (((PeriphClkInit->PeriphClockSelection) & RCC_PERIPHCLK_I2S3) == RCC_PERIPHCLK_I2S3)
 204:Drivers/STM32F1xx_HAL_Driver/Src/stm32f1xx_hal_rcc_ex.c ****   {
 205:Drivers/STM32F1xx_HAL_Driver/Src/stm32f1xx_hal_rcc_ex.c ****     /* Check the parameters */
 206:Drivers/STM32F1xx_HAL_Driver/Src/stm32f1xx_hal_rcc_ex.c ****     assert_param(IS_RCC_I2S3CLKSOURCE(PeriphClkInit->I2s3ClockSelection));
 207:Drivers/STM32F1xx_HAL_Driver/Src/stm32f1xx_hal_rcc_ex.c **** 
 208:Drivers/STM32F1xx_HAL_Driver/Src/stm32f1xx_hal_rcc_ex.c ****     /* Configure the I2S3 clock source */
 209:Drivers/STM32F1xx_HAL_Driver/Src/stm32f1xx_hal_rcc_ex.c ****     __HAL_RCC_I2S3_CONFIG(PeriphClkInit->I2s3ClockSelection);
 210:Drivers/STM32F1xx_HAL_Driver/Src/stm32f1xx_hal_rcc_ex.c ****   }
 211:Drivers/STM32F1xx_HAL_Driver/Src/stm32f1xx_hal_rcc_ex.c **** 
 212:Drivers/STM32F1xx_HAL_Driver/Src/stm32f1xx_hal_rcc_ex.c ****   /*------------------------------ PLL I2S Configuration ----------------------*/
 213:Drivers/STM32F1xx_HAL_Driver/Src/stm32f1xx_hal_rcc_ex.c ****   /* Check that PLLI2S need to be enabled */
 214:Drivers/STM32F1xx_HAL_Driver/Src/stm32f1xx_hal_rcc_ex.c ****   if (HAL_IS_BIT_SET(RCC->CFGR2, RCC_CFGR2_I2S2SRC) || HAL_IS_BIT_SET(RCC->CFGR2, RCC_CFGR2_I2S3SRC
 215:Drivers/STM32F1xx_HAL_Driver/Src/stm32f1xx_hal_rcc_ex.c ****   {
 216:Drivers/STM32F1xx_HAL_Driver/Src/stm32f1xx_hal_rcc_ex.c ****     /* Update flag to indicate that PLL I2S should be active */
 217:Drivers/STM32F1xx_HAL_Driver/Src/stm32f1xx_hal_rcc_ex.c ****     pllactive = 1;
 218:Drivers/STM32F1xx_HAL_Driver/Src/stm32f1xx_hal_rcc_ex.c ****   }
 219:Drivers/STM32F1xx_HAL_Driver/Src/stm32f1xx_hal_rcc_ex.c **** 
 220:Drivers/STM32F1xx_HAL_Driver/Src/stm32f1xx_hal_rcc_ex.c ****   /* Check if PLL I2S need to be enabled */
 221:Drivers/STM32F1xx_HAL_Driver/Src/stm32f1xx_hal_rcc_ex.c ****   if (pllactive == 1)
 222:Drivers/STM32F1xx_HAL_Driver/Src/stm32f1xx_hal_rcc_ex.c ****   {
 223:Drivers/STM32F1xx_HAL_Driver/Src/stm32f1xx_hal_rcc_ex.c ****     /* Enable PLL I2S only if not active */
 224:Drivers/STM32F1xx_HAL_Driver/Src/stm32f1xx_hal_rcc_ex.c ****     if (HAL_IS_BIT_CLR(RCC->CR, RCC_CR_PLL3ON))
 225:Drivers/STM32F1xx_HAL_Driver/Src/stm32f1xx_hal_rcc_ex.c ****     {
 226:Drivers/STM32F1xx_HAL_Driver/Src/stm32f1xx_hal_rcc_ex.c ****       /* Check the parameters */
 227:Drivers/STM32F1xx_HAL_Driver/Src/stm32f1xx_hal_rcc_ex.c ****       assert_param(IS_RCC_PLLI2S_MUL(PeriphClkInit->PLLI2S.PLLI2SMUL));
 228:Drivers/STM32F1xx_HAL_Driver/Src/stm32f1xx_hal_rcc_ex.c ****       assert_param(IS_RCC_HSE_PREDIV2(PeriphClkInit->PLLI2S.HSEPrediv2Value));
 229:Drivers/STM32F1xx_HAL_Driver/Src/stm32f1xx_hal_rcc_ex.c **** 
 230:Drivers/STM32F1xx_HAL_Driver/Src/stm32f1xx_hal_rcc_ex.c ****       /* Prediv2 can be written only when the PLL2 is disabled. */
 231:Drivers/STM32F1xx_HAL_Driver/Src/stm32f1xx_hal_rcc_ex.c ****       /* Return an error only if new value is different from the programmed value */
 232:Drivers/STM32F1xx_HAL_Driver/Src/stm32f1xx_hal_rcc_ex.c ****       if (HAL_IS_BIT_SET(RCC->CR, RCC_CR_PLL2ON) && \
 233:Drivers/STM32F1xx_HAL_Driver/Src/stm32f1xx_hal_rcc_ex.c ****           (__HAL_RCC_HSE_GET_PREDIV2() != PeriphClkInit->PLLI2S.HSEPrediv2Value))
 234:Drivers/STM32F1xx_HAL_Driver/Src/stm32f1xx_hal_rcc_ex.c ****       {
ARM GAS  C:\Users\LJH\AppData\Local\Temp\ccebBpTI.s 			page 8


 235:Drivers/STM32F1xx_HAL_Driver/Src/stm32f1xx_hal_rcc_ex.c ****         return HAL_ERROR;
 236:Drivers/STM32F1xx_HAL_Driver/Src/stm32f1xx_hal_rcc_ex.c ****       }
 237:Drivers/STM32F1xx_HAL_Driver/Src/stm32f1xx_hal_rcc_ex.c **** 
 238:Drivers/STM32F1xx_HAL_Driver/Src/stm32f1xx_hal_rcc_ex.c ****       /* Configure the HSE prediv2 factor --------------------------------*/
 239:Drivers/STM32F1xx_HAL_Driver/Src/stm32f1xx_hal_rcc_ex.c ****       __HAL_RCC_HSE_PREDIV2_CONFIG(PeriphClkInit->PLLI2S.HSEPrediv2Value);
 240:Drivers/STM32F1xx_HAL_Driver/Src/stm32f1xx_hal_rcc_ex.c **** 
 241:Drivers/STM32F1xx_HAL_Driver/Src/stm32f1xx_hal_rcc_ex.c ****       /* Configure the main PLLI2S multiplication factors. */
 242:Drivers/STM32F1xx_HAL_Driver/Src/stm32f1xx_hal_rcc_ex.c ****       __HAL_RCC_PLLI2S_CONFIG(PeriphClkInit->PLLI2S.PLLI2SMUL);
 243:Drivers/STM32F1xx_HAL_Driver/Src/stm32f1xx_hal_rcc_ex.c **** 
 244:Drivers/STM32F1xx_HAL_Driver/Src/stm32f1xx_hal_rcc_ex.c ****       /* Enable the main PLLI2S. */
 245:Drivers/STM32F1xx_HAL_Driver/Src/stm32f1xx_hal_rcc_ex.c ****       __HAL_RCC_PLLI2S_ENABLE();
 246:Drivers/STM32F1xx_HAL_Driver/Src/stm32f1xx_hal_rcc_ex.c **** 
 247:Drivers/STM32F1xx_HAL_Driver/Src/stm32f1xx_hal_rcc_ex.c ****       /* Get Start Tick*/
 248:Drivers/STM32F1xx_HAL_Driver/Src/stm32f1xx_hal_rcc_ex.c ****       tickstart = HAL_GetTick();
 249:Drivers/STM32F1xx_HAL_Driver/Src/stm32f1xx_hal_rcc_ex.c **** 
 250:Drivers/STM32F1xx_HAL_Driver/Src/stm32f1xx_hal_rcc_ex.c ****       /* Wait till PLLI2S is ready */
 251:Drivers/STM32F1xx_HAL_Driver/Src/stm32f1xx_hal_rcc_ex.c ****       while (__HAL_RCC_GET_FLAG(RCC_FLAG_PLLI2SRDY)  == RESET)
 252:Drivers/STM32F1xx_HAL_Driver/Src/stm32f1xx_hal_rcc_ex.c ****       {
 253:Drivers/STM32F1xx_HAL_Driver/Src/stm32f1xx_hal_rcc_ex.c ****         if ((HAL_GetTick() - tickstart) > PLLI2S_TIMEOUT_VALUE)
 254:Drivers/STM32F1xx_HAL_Driver/Src/stm32f1xx_hal_rcc_ex.c ****         {
 255:Drivers/STM32F1xx_HAL_Driver/Src/stm32f1xx_hal_rcc_ex.c ****           return HAL_TIMEOUT;
 256:Drivers/STM32F1xx_HAL_Driver/Src/stm32f1xx_hal_rcc_ex.c ****         }
 257:Drivers/STM32F1xx_HAL_Driver/Src/stm32f1xx_hal_rcc_ex.c ****       }
 258:Drivers/STM32F1xx_HAL_Driver/Src/stm32f1xx_hal_rcc_ex.c ****     }
 259:Drivers/STM32F1xx_HAL_Driver/Src/stm32f1xx_hal_rcc_ex.c ****     else
 260:Drivers/STM32F1xx_HAL_Driver/Src/stm32f1xx_hal_rcc_ex.c ****     {
 261:Drivers/STM32F1xx_HAL_Driver/Src/stm32f1xx_hal_rcc_ex.c ****       /* Return an error only if user wants to change the PLLI2SMUL whereas PLLI2S is active */
 262:Drivers/STM32F1xx_HAL_Driver/Src/stm32f1xx_hal_rcc_ex.c ****       if (READ_BIT(RCC->CFGR2, RCC_CFGR2_PLL3MUL) != PeriphClkInit->PLLI2S.PLLI2SMUL)
 263:Drivers/STM32F1xx_HAL_Driver/Src/stm32f1xx_hal_rcc_ex.c ****       {
 264:Drivers/STM32F1xx_HAL_Driver/Src/stm32f1xx_hal_rcc_ex.c ****         return HAL_ERROR;
 265:Drivers/STM32F1xx_HAL_Driver/Src/stm32f1xx_hal_rcc_ex.c ****       }
 266:Drivers/STM32F1xx_HAL_Driver/Src/stm32f1xx_hal_rcc_ex.c ****     }
 267:Drivers/STM32F1xx_HAL_Driver/Src/stm32f1xx_hal_rcc_ex.c ****   }
 268:Drivers/STM32F1xx_HAL_Driver/Src/stm32f1xx_hal_rcc_ex.c **** #endif /* STM32F105xC || STM32F107xC */
 269:Drivers/STM32F1xx_HAL_Driver/Src/stm32f1xx_hal_rcc_ex.c **** 
 270:Drivers/STM32F1xx_HAL_Driver/Src/stm32f1xx_hal_rcc_ex.c **** #if defined(STM32F102x6) || defined(STM32F102xB) || defined(STM32F103x6)\
 271:Drivers/STM32F1xx_HAL_Driver/Src/stm32f1xx_hal_rcc_ex.c ****  || defined(STM32F103xB) || defined(STM32F103xE) || defined(STM32F103xG)\
 272:Drivers/STM32F1xx_HAL_Driver/Src/stm32f1xx_hal_rcc_ex.c ****  || defined(STM32F105xC) || defined(STM32F107xC)
 273:Drivers/STM32F1xx_HAL_Driver/Src/stm32f1xx_hal_rcc_ex.c ****   /*------------------------------ USB clock Configuration ------------------*/
 274:Drivers/STM32F1xx_HAL_Driver/Src/stm32f1xx_hal_rcc_ex.c ****   if (((PeriphClkInit->PeriphClockSelection) & RCC_PERIPHCLK_USB) == RCC_PERIPHCLK_USB)
 167              		.loc 1 274 3 view .LVU49
 168              		.loc 1 274 22 is_stmt 0 view .LVU50
 169 0092 2368     		ldr	r3, [r4]
 170              		.loc 1 274 6 view .LVU51
 171 0094 13F0100F 		tst	r3, #16
 172 0098 34D0     		beq	.L15
 275:Drivers/STM32F1xx_HAL_Driver/Src/stm32f1xx_hal_rcc_ex.c ****   {
 276:Drivers/STM32F1xx_HAL_Driver/Src/stm32f1xx_hal_rcc_ex.c ****     /* Check the parameters */
 277:Drivers/STM32F1xx_HAL_Driver/Src/stm32f1xx_hal_rcc_ex.c ****     assert_param(IS_RCC_USBPLLCLK_DIV(PeriphClkInit->UsbClockSelection));
 173              		.loc 1 277 5 is_stmt 1 view .LVU52
 278:Drivers/STM32F1xx_HAL_Driver/Src/stm32f1xx_hal_rcc_ex.c **** 
 279:Drivers/STM32F1xx_HAL_Driver/Src/stm32f1xx_hal_rcc_ex.c ****     /* Configure the USB clock source */
 280:Drivers/STM32F1xx_HAL_Driver/Src/stm32f1xx_hal_rcc_ex.c ****     __HAL_RCC_USB_CONFIG(PeriphClkInit->UsbClockSelection);
 174              		.loc 1 280 5 view .LVU53
 175 009a 1C4A     		ldr	r2, .L20
 176 009c 5368     		ldr	r3, [r2, #4]
 177 009e 23F48003 		bic	r3, r3, #4194304
ARM GAS  C:\Users\LJH\AppData\Local\Temp\ccebBpTI.s 			page 9


 178 00a2 6169     		ldr	r1, [r4, #20]
 179 00a4 0B43     		orrs	r3, r3, r1
 180 00a6 5360     		str	r3, [r2, #4]
 281:Drivers/STM32F1xx_HAL_Driver/Src/stm32f1xx_hal_rcc_ex.c ****   }
 282:Drivers/STM32F1xx_HAL_Driver/Src/stm32f1xx_hal_rcc_ex.c **** #endif /* STM32F102x6 || STM32F102xB || STM32F103x6 || STM32F103xB || STM32F103xE || STM32F103xG ||
 283:Drivers/STM32F1xx_HAL_Driver/Src/stm32f1xx_hal_rcc_ex.c **** 
 284:Drivers/STM32F1xx_HAL_Driver/Src/stm32f1xx_hal_rcc_ex.c ****   return HAL_OK;
 181              		.loc 1 284 10 is_stmt 0 view .LVU54
 182 00a8 0020     		movs	r0, #0
 183 00aa 2CE0     		b	.L6
 184              	.LVL12:
 185              	.L12:
 186              	.LBB4:
 113:Drivers/STM32F1xx_HAL_Driver/Src/stm32f1xx_hal_rcc_ex.c **** 
 187              		.loc 1 113 16 view .LVU55
 188 00ac 0025     		movs	r5, #0
 189 00ae BEE7     		b	.L3
 190              	.LVL13:
 191              	.L17:
 130:Drivers/STM32F1xx_HAL_Driver/Src/stm32f1xx_hal_rcc_ex.c **** 
 192              		.loc 1 130 7 is_stmt 1 view .LVU56
 193 00b0 174A     		ldr	r2, .L20+4
 194 00b2 1368     		ldr	r3, [r2]
 195 00b4 43F48073 		orr	r3, r3, #256
 196 00b8 1360     		str	r3, [r2]
 133:Drivers/STM32F1xx_HAL_Driver/Src/stm32f1xx_hal_rcc_ex.c **** 
 197              		.loc 1 133 7 view .LVU57
 133:Drivers/STM32F1xx_HAL_Driver/Src/stm32f1xx_hal_rcc_ex.c **** 
 198              		.loc 1 133 19 is_stmt 0 view .LVU58
 199 00ba FFF7FEFF 		bl	HAL_GetTick
 200              	.LVL14:
 133:Drivers/STM32F1xx_HAL_Driver/Src/stm32f1xx_hal_rcc_ex.c **** 
 201              		.loc 1 133 19 view .LVU59
 202 00be 0646     		mov	r6, r0
 203              	.LVL15:
 135:Drivers/STM32F1xx_HAL_Driver/Src/stm32f1xx_hal_rcc_ex.c ****       {
 204              		.loc 1 135 7 is_stmt 1 view .LVU60
 205              	.L5:
 135:Drivers/STM32F1xx_HAL_Driver/Src/stm32f1xx_hal_rcc_ex.c ****       {
 206              		.loc 1 135 13 view .LVU61
 135:Drivers/STM32F1xx_HAL_Driver/Src/stm32f1xx_hal_rcc_ex.c ****       {
 207              		.loc 1 135 14 is_stmt 0 view .LVU62
 208 00c0 134B     		ldr	r3, .L20+4
 209 00c2 1B68     		ldr	r3, [r3]
 135:Drivers/STM32F1xx_HAL_Driver/Src/stm32f1xx_hal_rcc_ex.c ****       {
 210              		.loc 1 135 13 view .LVU63
 211 00c4 13F4807F 		tst	r3, #256
 212 00c8 B6D1     		bne	.L4
 137:Drivers/STM32F1xx_HAL_Driver/Src/stm32f1xx_hal_rcc_ex.c ****         {
 213              		.loc 1 137 9 is_stmt 1 view .LVU64
 137:Drivers/STM32F1xx_HAL_Driver/Src/stm32f1xx_hal_rcc_ex.c ****         {
 214              		.loc 1 137 14 is_stmt 0 view .LVU65
 215 00ca FFF7FEFF 		bl	HAL_GetTick
 216              	.LVL16:
 137:Drivers/STM32F1xx_HAL_Driver/Src/stm32f1xx_hal_rcc_ex.c ****         {
 217              		.loc 1 137 28 view .LVU66
 218 00ce 801B     		subs	r0, r0, r6
ARM GAS  C:\Users\LJH\AppData\Local\Temp\ccebBpTI.s 			page 10


 137:Drivers/STM32F1xx_HAL_Driver/Src/stm32f1xx_hal_rcc_ex.c ****         {
 219              		.loc 1 137 12 view .LVU67
 220 00d0 6428     		cmp	r0, #100
 221 00d2 F5D9     		bls	.L5
 139:Drivers/STM32F1xx_HAL_Driver/Src/stm32f1xx_hal_rcc_ex.c ****         }
 222              		.loc 1 139 18 view .LVU68
 223 00d4 0320     		movs	r0, #3
 224 00d6 16E0     		b	.L6
 225              	.LVL17:
 226              	.L18:
 160:Drivers/STM32F1xx_HAL_Driver/Src/stm32f1xx_hal_rcc_ex.c **** 
 227              		.loc 1 160 9 is_stmt 1 view .LVU69
 160:Drivers/STM32F1xx_HAL_Driver/Src/stm32f1xx_hal_rcc_ex.c **** 
 228              		.loc 1 160 21 is_stmt 0 view .LVU70
 229 00d8 FFF7FEFF 		bl	HAL_GetTick
 230              	.LVL18:
 160:Drivers/STM32F1xx_HAL_Driver/Src/stm32f1xx_hal_rcc_ex.c **** 
 231              		.loc 1 160 21 view .LVU71
 232 00dc 0646     		mov	r6, r0
 233              	.LVL19:
 163:Drivers/STM32F1xx_HAL_Driver/Src/stm32f1xx_hal_rcc_ex.c ****         {
 234              		.loc 1 163 9 is_stmt 1 view .LVU72
 235              	.L9:
 163:Drivers/STM32F1xx_HAL_Driver/Src/stm32f1xx_hal_rcc_ex.c ****         {
 236              		.loc 1 163 15 view .LVU73
 163:Drivers/STM32F1xx_HAL_Driver/Src/stm32f1xx_hal_rcc_ex.c ****         {
 237              		.loc 1 163 16 is_stmt 0 view .LVU74
 238 00de 0B4B     		ldr	r3, .L20
 239 00e0 1B6A     		ldr	r3, [r3, #32]
 163:Drivers/STM32F1xx_HAL_Driver/Src/stm32f1xx_hal_rcc_ex.c ****         {
 240              		.loc 1 163 15 view .LVU75
 241 00e2 13F0020F 		tst	r3, #2
 242 00e6 C0D1     		bne	.L8
 165:Drivers/STM32F1xx_HAL_Driver/Src/stm32f1xx_hal_rcc_ex.c ****           {
 243              		.loc 1 165 11 is_stmt 1 view .LVU76
 165:Drivers/STM32F1xx_HAL_Driver/Src/stm32f1xx_hal_rcc_ex.c ****           {
 244              		.loc 1 165 16 is_stmt 0 view .LVU77
 245 00e8 FFF7FEFF 		bl	HAL_GetTick
 246              	.LVL20:
 165:Drivers/STM32F1xx_HAL_Driver/Src/stm32f1xx_hal_rcc_ex.c ****           {
 247              		.loc 1 165 30 view .LVU78
 248 00ec 801B     		subs	r0, r0, r6
 165:Drivers/STM32F1xx_HAL_Driver/Src/stm32f1xx_hal_rcc_ex.c ****           {
 249              		.loc 1 165 14 view .LVU79
 250 00ee 41F28833 		movw	r3, #5000
 251 00f2 9842     		cmp	r0, r3
 252 00f4 F3D9     		bls	.L9
 167:Drivers/STM32F1xx_HAL_Driver/Src/stm32f1xx_hal_rcc_ex.c ****           }
 253              		.loc 1 167 20 view .LVU80
 254 00f6 0320     		movs	r0, #3
 255 00f8 05E0     		b	.L6
 256              	.LVL21:
 257              	.L19:
 177:Drivers/STM32F1xx_HAL_Driver/Src/stm32f1xx_hal_rcc_ex.c ****     }
 258              		.loc 1 177 7 is_stmt 1 view .LVU81
 259 00fa D369     		ldr	r3, [r2, #28]
 260 00fc 23F08053 		bic	r3, r3, #268435456
ARM GAS  C:\Users\LJH\AppData\Local\Temp\ccebBpTI.s 			page 11


 261 0100 D361     		str	r3, [r2, #28]
 262 0102 BBE7     		b	.L2
 263              	.LVL22:
 264              	.L15:
 177:Drivers/STM32F1xx_HAL_Driver/Src/stm32f1xx_hal_rcc_ex.c ****     }
 265              		.loc 1 177 7 is_stmt 0 view .LVU82
 266              	.LBE4:
 267              		.loc 1 284 10 view .LVU83
 268 0104 0020     		movs	r0, #0
 269              	.L6:
 285:Drivers/STM32F1xx_HAL_Driver/Src/stm32f1xx_hal_rcc_ex.c **** }
 270              		.loc 1 285 1 view .LVU84
 271 0106 02B0     		add	sp, sp, #8
 272              	.LCFI2:
 273              		.cfi_def_cfa_offset 16
 274              		@ sp needed
 275 0108 70BD     		pop	{r4, r5, r6, pc}
 276              	.LVL23:
 277              	.L21:
 278              		.loc 1 285 1 view .LVU85
 279 010a 00BF     		.align	2
 280              	.L20:
 281 010c 00100240 		.word	1073876992
 282 0110 00700040 		.word	1073770496
 283 0114 00004242 		.word	1111621632
 284              		.cfi_endproc
 285              	.LFE65:
 287              		.section	.text.HAL_RCCEx_GetPeriphCLKConfig,"ax",%progbits
 288              		.align	1
 289              		.global	HAL_RCCEx_GetPeriphCLKConfig
 290              		.syntax unified
 291              		.thumb
 292              		.thumb_func
 294              	HAL_RCCEx_GetPeriphCLKConfig:
 295              	.LVL24:
 296              	.LFB66:
 286:Drivers/STM32F1xx_HAL_Driver/Src/stm32f1xx_hal_rcc_ex.c **** 
 287:Drivers/STM32F1xx_HAL_Driver/Src/stm32f1xx_hal_rcc_ex.c **** /**
 288:Drivers/STM32F1xx_HAL_Driver/Src/stm32f1xx_hal_rcc_ex.c ****   * @brief  Get the PeriphClkInit according to the internal
 289:Drivers/STM32F1xx_HAL_Driver/Src/stm32f1xx_hal_rcc_ex.c ****   * RCC configuration registers.
 290:Drivers/STM32F1xx_HAL_Driver/Src/stm32f1xx_hal_rcc_ex.c ****   * @param  PeriphClkInit pointer to an RCC_PeriphCLKInitTypeDef structure that
 291:Drivers/STM32F1xx_HAL_Driver/Src/stm32f1xx_hal_rcc_ex.c ****   *         returns the configuration information for the Extended Peripherals clocks(RTC, I2S, ADC
 292:Drivers/STM32F1xx_HAL_Driver/Src/stm32f1xx_hal_rcc_ex.c ****   * @retval None
 293:Drivers/STM32F1xx_HAL_Driver/Src/stm32f1xx_hal_rcc_ex.c ****   */
 294:Drivers/STM32F1xx_HAL_Driver/Src/stm32f1xx_hal_rcc_ex.c **** void HAL_RCCEx_GetPeriphCLKConfig(RCC_PeriphCLKInitTypeDef  *PeriphClkInit)
 295:Drivers/STM32F1xx_HAL_Driver/Src/stm32f1xx_hal_rcc_ex.c **** {
 297              		.loc 1 295 1 is_stmt 1 view -0
 298              		.cfi_startproc
 299              		@ args = 0, pretend = 0, frame = 0
 300              		@ frame_needed = 0, uses_anonymous_args = 0
 301              		@ link register save eliminated.
 296:Drivers/STM32F1xx_HAL_Driver/Src/stm32f1xx_hal_rcc_ex.c ****   uint32_t srcclk = 0U;
 302              		.loc 1 296 3 view .LVU87
 297:Drivers/STM32F1xx_HAL_Driver/Src/stm32f1xx_hal_rcc_ex.c **** 
 298:Drivers/STM32F1xx_HAL_Driver/Src/stm32f1xx_hal_rcc_ex.c ****   /* Set all possible values for the extended clock type parameter------------*/
 299:Drivers/STM32F1xx_HAL_Driver/Src/stm32f1xx_hal_rcc_ex.c ****   PeriphClkInit->PeriphClockSelection = RCC_PERIPHCLK_RTC;
 303              		.loc 1 299 3 view .LVU88
ARM GAS  C:\Users\LJH\AppData\Local\Temp\ccebBpTI.s 			page 12


 304              		.loc 1 299 39 is_stmt 0 view .LVU89
 305 0000 0123     		movs	r3, #1
 306 0002 0360     		str	r3, [r0]
 300:Drivers/STM32F1xx_HAL_Driver/Src/stm32f1xx_hal_rcc_ex.c **** 
 301:Drivers/STM32F1xx_HAL_Driver/Src/stm32f1xx_hal_rcc_ex.c ****   /* Get the RTC configuration -----------------------------------------------*/
 302:Drivers/STM32F1xx_HAL_Driver/Src/stm32f1xx_hal_rcc_ex.c ****   srcclk = __HAL_RCC_GET_RTC_SOURCE();
 307              		.loc 1 302 3 is_stmt 1 view .LVU90
 308              		.loc 1 302 12 is_stmt 0 view .LVU91
 309 0004 0C4B     		ldr	r3, .L23
 310 0006 1A6A     		ldr	r2, [r3, #32]
 311              		.loc 1 302 10 view .LVU92
 312 0008 02F44072 		and	r2, r2, #768
 313              	.LVL25:
 303:Drivers/STM32F1xx_HAL_Driver/Src/stm32f1xx_hal_rcc_ex.c ****   /* Source clock is LSE or LSI*/
 304:Drivers/STM32F1xx_HAL_Driver/Src/stm32f1xx_hal_rcc_ex.c ****   PeriphClkInit->RTCClockSelection = srcclk;
 314              		.loc 1 304 3 is_stmt 1 view .LVU93
 315              		.loc 1 304 36 is_stmt 0 view .LVU94
 316 000c 4260     		str	r2, [r0, #4]
 305:Drivers/STM32F1xx_HAL_Driver/Src/stm32f1xx_hal_rcc_ex.c **** 
 306:Drivers/STM32F1xx_HAL_Driver/Src/stm32f1xx_hal_rcc_ex.c ****   /* Get the ADC clock configuration -----------------------------------------*/
 307:Drivers/STM32F1xx_HAL_Driver/Src/stm32f1xx_hal_rcc_ex.c ****   PeriphClkInit->PeriphClockSelection |= RCC_PERIPHCLK_ADC;
 317              		.loc 1 307 3 is_stmt 1 view .LVU95
 318              		.loc 1 307 39 is_stmt 0 view .LVU96
 319 000e 0322     		movs	r2, #3
 320              	.LVL26:
 321              		.loc 1 307 39 view .LVU97
 322 0010 0260     		str	r2, [r0]
 308:Drivers/STM32F1xx_HAL_Driver/Src/stm32f1xx_hal_rcc_ex.c ****   PeriphClkInit->AdcClockSelection = __HAL_RCC_GET_ADC_SOURCE();
 323              		.loc 1 308 3 is_stmt 1 view .LVU98
 324              		.loc 1 308 38 is_stmt 0 view .LVU99
 325 0012 5A68     		ldr	r2, [r3, #4]
 326 0014 02F44042 		and	r2, r2, #49152
 327              		.loc 1 308 36 view .LVU100
 328 0018 8260     		str	r2, [r0, #8]
 309:Drivers/STM32F1xx_HAL_Driver/Src/stm32f1xx_hal_rcc_ex.c **** 
 310:Drivers/STM32F1xx_HAL_Driver/Src/stm32f1xx_hal_rcc_ex.c **** #if defined(STM32F105xC) || defined(STM32F107xC)
 311:Drivers/STM32F1xx_HAL_Driver/Src/stm32f1xx_hal_rcc_ex.c ****   /* Get the I2S2 clock configuration -----------------------------------------*/
 312:Drivers/STM32F1xx_HAL_Driver/Src/stm32f1xx_hal_rcc_ex.c ****   PeriphClkInit->PeriphClockSelection |= RCC_PERIPHCLK_I2S2;
 313:Drivers/STM32F1xx_HAL_Driver/Src/stm32f1xx_hal_rcc_ex.c ****   PeriphClkInit->I2s2ClockSelection = __HAL_RCC_GET_I2S2_SOURCE();
 314:Drivers/STM32F1xx_HAL_Driver/Src/stm32f1xx_hal_rcc_ex.c **** 
 315:Drivers/STM32F1xx_HAL_Driver/Src/stm32f1xx_hal_rcc_ex.c ****   /* Get the I2S3 clock configuration -----------------------------------------*/
 316:Drivers/STM32F1xx_HAL_Driver/Src/stm32f1xx_hal_rcc_ex.c ****   PeriphClkInit->PeriphClockSelection |= RCC_PERIPHCLK_I2S3;
 317:Drivers/STM32F1xx_HAL_Driver/Src/stm32f1xx_hal_rcc_ex.c ****   PeriphClkInit->I2s3ClockSelection = __HAL_RCC_GET_I2S3_SOURCE();
 318:Drivers/STM32F1xx_HAL_Driver/Src/stm32f1xx_hal_rcc_ex.c **** 
 319:Drivers/STM32F1xx_HAL_Driver/Src/stm32f1xx_hal_rcc_ex.c **** #endif /* STM32F105xC || STM32F107xC */
 320:Drivers/STM32F1xx_HAL_Driver/Src/stm32f1xx_hal_rcc_ex.c **** 
 321:Drivers/STM32F1xx_HAL_Driver/Src/stm32f1xx_hal_rcc_ex.c **** #if defined(STM32F103xE) || defined(STM32F103xG)
 322:Drivers/STM32F1xx_HAL_Driver/Src/stm32f1xx_hal_rcc_ex.c ****   /* Get the I2S2 clock configuration -----------------------------------------*/
 323:Drivers/STM32F1xx_HAL_Driver/Src/stm32f1xx_hal_rcc_ex.c ****   PeriphClkInit->PeriphClockSelection |= RCC_PERIPHCLK_I2S2;
 329              		.loc 1 323 3 is_stmt 1 view .LVU101
 330              		.loc 1 323 39 is_stmt 0 view .LVU102
 331 001a 0722     		movs	r2, #7
 332 001c 0260     		str	r2, [r0]
 324:Drivers/STM32F1xx_HAL_Driver/Src/stm32f1xx_hal_rcc_ex.c ****   PeriphClkInit->I2s2ClockSelection = RCC_I2S2CLKSOURCE_SYSCLK;
 333              		.loc 1 324 3 is_stmt 1 view .LVU103
 334              		.loc 1 324 37 is_stmt 0 view .LVU104
 335 001e 0022     		movs	r2, #0
ARM GAS  C:\Users\LJH\AppData\Local\Temp\ccebBpTI.s 			page 13


 336 0020 C260     		str	r2, [r0, #12]
 325:Drivers/STM32F1xx_HAL_Driver/Src/stm32f1xx_hal_rcc_ex.c **** 
 326:Drivers/STM32F1xx_HAL_Driver/Src/stm32f1xx_hal_rcc_ex.c ****   /* Get the I2S3 clock configuration -----------------------------------------*/
 327:Drivers/STM32F1xx_HAL_Driver/Src/stm32f1xx_hal_rcc_ex.c ****   PeriphClkInit->PeriphClockSelection |= RCC_PERIPHCLK_I2S3;
 337              		.loc 1 327 3 is_stmt 1 view .LVU105
 338              		.loc 1 327 39 is_stmt 0 view .LVU106
 339 0022 0F21     		movs	r1, #15
 340 0024 0160     		str	r1, [r0]
 328:Drivers/STM32F1xx_HAL_Driver/Src/stm32f1xx_hal_rcc_ex.c ****   PeriphClkInit->I2s3ClockSelection = RCC_I2S3CLKSOURCE_SYSCLK;
 341              		.loc 1 328 3 is_stmt 1 view .LVU107
 342              		.loc 1 328 37 is_stmt 0 view .LVU108
 343 0026 0261     		str	r2, [r0, #16]
 329:Drivers/STM32F1xx_HAL_Driver/Src/stm32f1xx_hal_rcc_ex.c **** 
 330:Drivers/STM32F1xx_HAL_Driver/Src/stm32f1xx_hal_rcc_ex.c **** #endif /* STM32F103xE || STM32F103xG */
 331:Drivers/STM32F1xx_HAL_Driver/Src/stm32f1xx_hal_rcc_ex.c **** 
 332:Drivers/STM32F1xx_HAL_Driver/Src/stm32f1xx_hal_rcc_ex.c **** #if defined(STM32F102x6) || defined(STM32F102xB) || defined(STM32F103x6)\
 333:Drivers/STM32F1xx_HAL_Driver/Src/stm32f1xx_hal_rcc_ex.c ****  || defined(STM32F103xB) || defined(STM32F103xE) || defined(STM32F103xG)\
 334:Drivers/STM32F1xx_HAL_Driver/Src/stm32f1xx_hal_rcc_ex.c ****  || defined(STM32F105xC) || defined(STM32F107xC)
 335:Drivers/STM32F1xx_HAL_Driver/Src/stm32f1xx_hal_rcc_ex.c ****   /* Get the USB clock configuration -----------------------------------------*/
 336:Drivers/STM32F1xx_HAL_Driver/Src/stm32f1xx_hal_rcc_ex.c ****   PeriphClkInit->PeriphClockSelection |= RCC_PERIPHCLK_USB;
 344              		.loc 1 336 3 is_stmt 1 view .LVU109
 345              		.loc 1 336 39 is_stmt 0 view .LVU110
 346 0028 1F22     		movs	r2, #31
 347 002a 0260     		str	r2, [r0]
 337:Drivers/STM32F1xx_HAL_Driver/Src/stm32f1xx_hal_rcc_ex.c ****   PeriphClkInit->UsbClockSelection = __HAL_RCC_GET_USB_SOURCE();
 348              		.loc 1 337 3 is_stmt 1 view .LVU111
 349              		.loc 1 337 38 is_stmt 0 view .LVU112
 350 002c 5B68     		ldr	r3, [r3, #4]
 351 002e 03F48003 		and	r3, r3, #4194304
 352              		.loc 1 337 36 view .LVU113
 353 0032 4361     		str	r3, [r0, #20]
 338:Drivers/STM32F1xx_HAL_Driver/Src/stm32f1xx_hal_rcc_ex.c **** #endif /* STM32F102x6 || STM32F102xB || STM32F103x6 || STM32F103xB || STM32F103xE || STM32F103xG ||
 339:Drivers/STM32F1xx_HAL_Driver/Src/stm32f1xx_hal_rcc_ex.c **** }
 354              		.loc 1 339 1 view .LVU114
 355 0034 7047     		bx	lr
 356              	.L24:
 357 0036 00BF     		.align	2
 358              	.L23:
 359 0038 00100240 		.word	1073876992
 360              		.cfi_endproc
 361              	.LFE66:
 363              		.section	.rodata.HAL_RCCEx_GetPeriphCLKFreq.str1.4,"aMS",%progbits,1
 364              		.align	2
 365              	.LC0:
 366 0000 02030405 		.ascii	"\002\003\004\005\006\007\010\011\012\013\014\015\016"
 366      06070809 
 366      0A0B0C0D 
 366      0E
 367 000d 0F101000 		.ascii	"\017\020\020\000"
 368              		.section	.text.HAL_RCCEx_GetPeriphCLKFreq,"ax",%progbits
 369              		.align	1
 370              		.global	HAL_RCCEx_GetPeriphCLKFreq
 371              		.syntax unified
 372              		.thumb
 373              		.thumb_func
 375              	HAL_RCCEx_GetPeriphCLKFreq:
 376              	.LVL27:
ARM GAS  C:\Users\LJH\AppData\Local\Temp\ccebBpTI.s 			page 14


 377              	.LFB67:
 340:Drivers/STM32F1xx_HAL_Driver/Src/stm32f1xx_hal_rcc_ex.c **** 
 341:Drivers/STM32F1xx_HAL_Driver/Src/stm32f1xx_hal_rcc_ex.c **** /**
 342:Drivers/STM32F1xx_HAL_Driver/Src/stm32f1xx_hal_rcc_ex.c ****   * @brief  Returns the peripheral clock frequency
 343:Drivers/STM32F1xx_HAL_Driver/Src/stm32f1xx_hal_rcc_ex.c ****   * @note   Returns 0 if peripheral clock is unknown
 344:Drivers/STM32F1xx_HAL_Driver/Src/stm32f1xx_hal_rcc_ex.c ****   * @param  PeriphClk Peripheral clock identifier
 345:Drivers/STM32F1xx_HAL_Driver/Src/stm32f1xx_hal_rcc_ex.c ****   *         This parameter can be one of the following values:
 346:Drivers/STM32F1xx_HAL_Driver/Src/stm32f1xx_hal_rcc_ex.c ****   *            @arg @ref RCC_PERIPHCLK_RTC  RTC peripheral clock
 347:Drivers/STM32F1xx_HAL_Driver/Src/stm32f1xx_hal_rcc_ex.c ****   *            @arg @ref RCC_PERIPHCLK_ADC  ADC peripheral clock
 348:Drivers/STM32F1xx_HAL_Driver/Src/stm32f1xx_hal_rcc_ex.c ****   @if STM32F103xE
 349:Drivers/STM32F1xx_HAL_Driver/Src/stm32f1xx_hal_rcc_ex.c ****   *            @arg @ref RCC_PERIPHCLK_I2S2 I2S2 peripheral clock
 350:Drivers/STM32F1xx_HAL_Driver/Src/stm32f1xx_hal_rcc_ex.c ****   *            @arg @ref RCC_PERIPHCLK_I2S3 I2S3 peripheral clock
 351:Drivers/STM32F1xx_HAL_Driver/Src/stm32f1xx_hal_rcc_ex.c ****   *            @arg @ref RCC_PERIPHCLK_I2S3 I2S3 peripheral clock
 352:Drivers/STM32F1xx_HAL_Driver/Src/stm32f1xx_hal_rcc_ex.c ****   @endif
 353:Drivers/STM32F1xx_HAL_Driver/Src/stm32f1xx_hal_rcc_ex.c ****   @if STM32F103xG
 354:Drivers/STM32F1xx_HAL_Driver/Src/stm32f1xx_hal_rcc_ex.c ****   *            @arg @ref RCC_PERIPHCLK_I2S2 I2S2 peripheral clock
 355:Drivers/STM32F1xx_HAL_Driver/Src/stm32f1xx_hal_rcc_ex.c ****   *            @arg @ref RCC_PERIPHCLK_I2S3 I2S3 peripheral clock
 356:Drivers/STM32F1xx_HAL_Driver/Src/stm32f1xx_hal_rcc_ex.c ****   *            @arg @ref RCC_PERIPHCLK_I2S3 I2S3 peripheral clock
 357:Drivers/STM32F1xx_HAL_Driver/Src/stm32f1xx_hal_rcc_ex.c ****   *            @arg @ref RCC_PERIPHCLK_I2S2 I2S2 peripheral clock
 358:Drivers/STM32F1xx_HAL_Driver/Src/stm32f1xx_hal_rcc_ex.c ****   @endif
 359:Drivers/STM32F1xx_HAL_Driver/Src/stm32f1xx_hal_rcc_ex.c ****   @if STM32F105xC
 360:Drivers/STM32F1xx_HAL_Driver/Src/stm32f1xx_hal_rcc_ex.c ****   *            @arg @ref RCC_PERIPHCLK_I2S2 I2S2 peripheral clock
 361:Drivers/STM32F1xx_HAL_Driver/Src/stm32f1xx_hal_rcc_ex.c ****   *            @arg @ref RCC_PERIPHCLK_I2S3 I2S3 peripheral clock
 362:Drivers/STM32F1xx_HAL_Driver/Src/stm32f1xx_hal_rcc_ex.c ****   *            @arg @ref RCC_PERIPHCLK_I2S3 I2S3 peripheral clock
 363:Drivers/STM32F1xx_HAL_Driver/Src/stm32f1xx_hal_rcc_ex.c ****   *            @arg @ref RCC_PERIPHCLK_I2S2 I2S2 peripheral clock
 364:Drivers/STM32F1xx_HAL_Driver/Src/stm32f1xx_hal_rcc_ex.c ****   *            @arg @ref RCC_PERIPHCLK_I2S3 I2S3 peripheral clock
 365:Drivers/STM32F1xx_HAL_Driver/Src/stm32f1xx_hal_rcc_ex.c ****   *            @arg @ref RCC_PERIPHCLK_I2S3 I2S3 peripheral clock
 366:Drivers/STM32F1xx_HAL_Driver/Src/stm32f1xx_hal_rcc_ex.c ****   *            @arg @ref RCC_PERIPHCLK_I2S2 I2S2 peripheral clock
 367:Drivers/STM32F1xx_HAL_Driver/Src/stm32f1xx_hal_rcc_ex.c ****   *            @arg @ref RCC_PERIPHCLK_USB  USB peripheral clock
 368:Drivers/STM32F1xx_HAL_Driver/Src/stm32f1xx_hal_rcc_ex.c ****   @endif
 369:Drivers/STM32F1xx_HAL_Driver/Src/stm32f1xx_hal_rcc_ex.c ****   @if STM32F107xC
 370:Drivers/STM32F1xx_HAL_Driver/Src/stm32f1xx_hal_rcc_ex.c ****   *            @arg @ref RCC_PERIPHCLK_I2S2 I2S2 peripheral clock
 371:Drivers/STM32F1xx_HAL_Driver/Src/stm32f1xx_hal_rcc_ex.c ****   *            @arg @ref RCC_PERIPHCLK_I2S3 I2S3 peripheral clock
 372:Drivers/STM32F1xx_HAL_Driver/Src/stm32f1xx_hal_rcc_ex.c ****   *            @arg @ref RCC_PERIPHCLK_I2S3 I2S3 peripheral clock
 373:Drivers/STM32F1xx_HAL_Driver/Src/stm32f1xx_hal_rcc_ex.c ****   *            @arg @ref RCC_PERIPHCLK_I2S2 I2S2 peripheral clock
 374:Drivers/STM32F1xx_HAL_Driver/Src/stm32f1xx_hal_rcc_ex.c ****   *            @arg @ref RCC_PERIPHCLK_I2S3 I2S3 peripheral clock
 375:Drivers/STM32F1xx_HAL_Driver/Src/stm32f1xx_hal_rcc_ex.c ****   *            @arg @ref RCC_PERIPHCLK_I2S3 I2S3 peripheral clock
 376:Drivers/STM32F1xx_HAL_Driver/Src/stm32f1xx_hal_rcc_ex.c ****   *            @arg @ref RCC_PERIPHCLK_I2S2 I2S2 peripheral clock
 377:Drivers/STM32F1xx_HAL_Driver/Src/stm32f1xx_hal_rcc_ex.c ****   *            @arg @ref RCC_PERIPHCLK_USB  USB peripheral clock
 378:Drivers/STM32F1xx_HAL_Driver/Src/stm32f1xx_hal_rcc_ex.c ****   @endif
 379:Drivers/STM32F1xx_HAL_Driver/Src/stm32f1xx_hal_rcc_ex.c ****   @if STM32F102xx
 380:Drivers/STM32F1xx_HAL_Driver/Src/stm32f1xx_hal_rcc_ex.c ****   *            @arg @ref RCC_PERIPHCLK_USB  USB peripheral clock
 381:Drivers/STM32F1xx_HAL_Driver/Src/stm32f1xx_hal_rcc_ex.c ****   @endif
 382:Drivers/STM32F1xx_HAL_Driver/Src/stm32f1xx_hal_rcc_ex.c ****   @if STM32F103xx
 383:Drivers/STM32F1xx_HAL_Driver/Src/stm32f1xx_hal_rcc_ex.c ****   *            @arg @ref RCC_PERIPHCLK_USB  USB peripheral clock
 384:Drivers/STM32F1xx_HAL_Driver/Src/stm32f1xx_hal_rcc_ex.c ****   @endif
 385:Drivers/STM32F1xx_HAL_Driver/Src/stm32f1xx_hal_rcc_ex.c ****   * @retval Frequency in Hz (0: means that no available frequency for the peripheral)
 386:Drivers/STM32F1xx_HAL_Driver/Src/stm32f1xx_hal_rcc_ex.c ****   */
 387:Drivers/STM32F1xx_HAL_Driver/Src/stm32f1xx_hal_rcc_ex.c **** uint32_t HAL_RCCEx_GetPeriphCLKFreq(uint32_t PeriphClk)
 388:Drivers/STM32F1xx_HAL_Driver/Src/stm32f1xx_hal_rcc_ex.c **** {
 378              		.loc 1 388 1 is_stmt 1 view -0
 379              		.cfi_startproc
 380              		@ args = 0, pretend = 0, frame = 24
 381              		@ frame_needed = 0, uses_anonymous_args = 0
 382              		.loc 1 388 1 is_stmt 0 view .LVU116
 383 0000 00B5     		push	{lr}
 384              	.LCFI3:
ARM GAS  C:\Users\LJH\AppData\Local\Temp\ccebBpTI.s 			page 15


 385              		.cfi_def_cfa_offset 4
 386              		.cfi_offset 14, -4
 387 0002 87B0     		sub	sp, sp, #28
 388              	.LCFI4:
 389              		.cfi_def_cfa_offset 32
 390 0004 8446     		mov	ip, r0
 389:Drivers/STM32F1xx_HAL_Driver/Src/stm32f1xx_hal_rcc_ex.c **** #if defined(STM32F105xC) || defined(STM32F107xC)
 390:Drivers/STM32F1xx_HAL_Driver/Src/stm32f1xx_hal_rcc_ex.c ****   const uint8_t aPLLMULFactorTable[14] = {0, 0, 4, 5, 6, 7, 8, 9, 0, 0, 0, 0, 0, 13};
 391:Drivers/STM32F1xx_HAL_Driver/Src/stm32f1xx_hal_rcc_ex.c ****   const uint8_t aPredivFactorTable[16] = {1, 2, 3, 4, 5, 6, 7, 8, 9, 10, 11, 12, 13, 14, 15, 16};
 392:Drivers/STM32F1xx_HAL_Driver/Src/stm32f1xx_hal_rcc_ex.c **** 
 393:Drivers/STM32F1xx_HAL_Driver/Src/stm32f1xx_hal_rcc_ex.c ****   uint32_t prediv1 = 0U, pllclk = 0U, pllmul = 0U;
 394:Drivers/STM32F1xx_HAL_Driver/Src/stm32f1xx_hal_rcc_ex.c ****   uint32_t pll2mul = 0U, pll3mul = 0U, prediv2 = 0U;
 395:Drivers/STM32F1xx_HAL_Driver/Src/stm32f1xx_hal_rcc_ex.c **** #endif /* STM32F105xC || STM32F107xC */
 396:Drivers/STM32F1xx_HAL_Driver/Src/stm32f1xx_hal_rcc_ex.c **** #if defined(STM32F102x6) || defined(STM32F102xB) || defined(STM32F103x6) || \
 397:Drivers/STM32F1xx_HAL_Driver/Src/stm32f1xx_hal_rcc_ex.c ****     defined(STM32F103xB) || defined(STM32F103xE) || defined(STM32F103xG)
 398:Drivers/STM32F1xx_HAL_Driver/Src/stm32f1xx_hal_rcc_ex.c ****   const uint8_t aPLLMULFactorTable[16] = {2, 3, 4, 5, 6, 7, 8, 9, 10, 11, 12, 13, 14, 15, 16, 16};
 391              		.loc 1 398 3 is_stmt 1 view .LVU117
 392              		.loc 1 398 17 is_stmt 0 view .LVU118
 393 0006 3E4B     		ldr	r3, .L44
 394 0008 0FCB     		ldm	r3, {r0, r1, r2, r3}
 395              	.LVL28:
 396              		.loc 1 398 17 view .LVU119
 397 000a 0DF1180E 		add	lr, sp, #24
 398 000e 0EE90F00 		stmdb	lr, {r0, r1, r2, r3}
 399:Drivers/STM32F1xx_HAL_Driver/Src/stm32f1xx_hal_rcc_ex.c ****   const uint8_t aPredivFactorTable[2] = {1, 2};
 399              		.loc 1 399 3 is_stmt 1 view .LVU120
 400              		.loc 1 399 17 is_stmt 0 view .LVU121
 401 0012 40F20123 		movw	r3, #513
 402 0016 ADF80430 		strh	r3, [sp, #4]	@ movhi
 400:Drivers/STM32F1xx_HAL_Driver/Src/stm32f1xx_hal_rcc_ex.c **** 
 401:Drivers/STM32F1xx_HAL_Driver/Src/stm32f1xx_hal_rcc_ex.c ****   uint32_t prediv1 = 0U, pllclk = 0U, pllmul = 0U;
 403              		.loc 1 401 3 is_stmt 1 view .LVU122
 404              	.LVL29:
 402:Drivers/STM32F1xx_HAL_Driver/Src/stm32f1xx_hal_rcc_ex.c **** #endif /* STM32F102x6 || STM32F102xB || STM32F103x6 || STM32F103xB || STM32F103xE || STM32F103xG */
 403:Drivers/STM32F1xx_HAL_Driver/Src/stm32f1xx_hal_rcc_ex.c ****   uint32_t temp_reg = 0U, frequency = 0U;
 405              		.loc 1 403 3 view .LVU123
 404:Drivers/STM32F1xx_HAL_Driver/Src/stm32f1xx_hal_rcc_ex.c **** 
 405:Drivers/STM32F1xx_HAL_Driver/Src/stm32f1xx_hal_rcc_ex.c ****   /* Check the parameters */
 406:Drivers/STM32F1xx_HAL_Driver/Src/stm32f1xx_hal_rcc_ex.c ****   assert_param(IS_RCC_PERIPHCLOCK(PeriphClk));
 406              		.loc 1 406 3 view .LVU124
 407:Drivers/STM32F1xx_HAL_Driver/Src/stm32f1xx_hal_rcc_ex.c **** 
 408:Drivers/STM32F1xx_HAL_Driver/Src/stm32f1xx_hal_rcc_ex.c ****   switch (PeriphClk)
 407              		.loc 1 408 3 view .LVU125
 408 001a 0CF1FF30 		add	r0, ip, #-1
 409 001e 0F28     		cmp	r0, #15
 410 0020 67D8     		bhi	.L36
 411 0022 DFE800F0 		tbb	[pc, r0]
 412              	.L28:
 413 0026 39       		.byte	(.L32-.L28)/2
 414 0027 5B       		.byte	(.L31-.L28)/2
 415 0028 66       		.byte	(.L36-.L28)/2
 416 0029 33       		.byte	(.L30-.L28)/2
 417 002a 66       		.byte	(.L36-.L28)/2
 418 002b 66       		.byte	(.L36-.L28)/2
 419 002c 66       		.byte	(.L36-.L28)/2
 420 002d 36       		.byte	(.L29-.L28)/2
 421 002e 66       		.byte	(.L36-.L28)/2
ARM GAS  C:\Users\LJH\AppData\Local\Temp\ccebBpTI.s 			page 16


 422 002f 66       		.byte	(.L36-.L28)/2
 423 0030 66       		.byte	(.L36-.L28)/2
 424 0031 66       		.byte	(.L36-.L28)/2
 425 0032 66       		.byte	(.L36-.L28)/2
 426 0033 66       		.byte	(.L36-.L28)/2
 427 0034 66       		.byte	(.L36-.L28)/2
 428 0035 08       		.byte	(.L27-.L28)/2
 429              		.p2align 1
 430              	.L27:
 409:Drivers/STM32F1xx_HAL_Driver/Src/stm32f1xx_hal_rcc_ex.c ****   {
 410:Drivers/STM32F1xx_HAL_Driver/Src/stm32f1xx_hal_rcc_ex.c **** #if defined(STM32F102x6) || defined(STM32F102xB) || defined(STM32F103x6)\
 411:Drivers/STM32F1xx_HAL_Driver/Src/stm32f1xx_hal_rcc_ex.c ****  || defined(STM32F103xB) || defined(STM32F103xE) || defined(STM32F103xG)\
 412:Drivers/STM32F1xx_HAL_Driver/Src/stm32f1xx_hal_rcc_ex.c ****  || defined(STM32F105xC) || defined(STM32F107xC)
 413:Drivers/STM32F1xx_HAL_Driver/Src/stm32f1xx_hal_rcc_ex.c ****     case RCC_PERIPHCLK_USB:
 414:Drivers/STM32F1xx_HAL_Driver/Src/stm32f1xx_hal_rcc_ex.c ****     {
 415:Drivers/STM32F1xx_HAL_Driver/Src/stm32f1xx_hal_rcc_ex.c ****       /* Get RCC configuration ------------------------------------------------------*/
 416:Drivers/STM32F1xx_HAL_Driver/Src/stm32f1xx_hal_rcc_ex.c ****       temp_reg = RCC->CFGR;
 431              		.loc 1 416 7 view .LVU126
 432              		.loc 1 416 16 is_stmt 0 view .LVU127
 433 0036 334B     		ldr	r3, .L44+4
 434 0038 5A68     		ldr	r2, [r3, #4]
 435              	.LVL30:
 417:Drivers/STM32F1xx_HAL_Driver/Src/stm32f1xx_hal_rcc_ex.c **** 
 418:Drivers/STM32F1xx_HAL_Driver/Src/stm32f1xx_hal_rcc_ex.c ****       /* Check if PLL is enabled */
 419:Drivers/STM32F1xx_HAL_Driver/Src/stm32f1xx_hal_rcc_ex.c ****       if (HAL_IS_BIT_SET(RCC->CR, RCC_CR_PLLON))
 436              		.loc 1 419 7 is_stmt 1 view .LVU128
 437              		.loc 1 419 11 is_stmt 0 view .LVU129
 438 003a 1868     		ldr	r0, [r3]
 439              		.loc 1 419 10 view .LVU130
 440 003c 10F08070 		ands	r0, r0, #16777216
 441 0040 58D0     		beq	.L25
 420:Drivers/STM32F1xx_HAL_Driver/Src/stm32f1xx_hal_rcc_ex.c ****       {
 421:Drivers/STM32F1xx_HAL_Driver/Src/stm32f1xx_hal_rcc_ex.c ****         pllmul = aPLLMULFactorTable[(uint32_t)(temp_reg & RCC_CFGR_PLLMULL) >> RCC_CFGR_PLLMULL_Pos
 442              		.loc 1 421 9 is_stmt 1 view .LVU131
 443              		.loc 1 421 77 is_stmt 0 view .LVU132
 444 0042 C2F38343 		ubfx	r3, r2, #18, #4
 445              		.loc 1 421 36 view .LVU133
 446 0046 1833     		adds	r3, r3, #24
 447 0048 6B44     		add	r3, sp, r3
 448 004a 13F8100C 		ldrb	r0, [r3, #-16]	@ zero_extendqisi2
 449              	.LVL31:
 422:Drivers/STM32F1xx_HAL_Driver/Src/stm32f1xx_hal_rcc_ex.c ****         if ((temp_reg & RCC_CFGR_PLLSRC) != RCC_PLLSOURCE_HSI_DIV2)
 450              		.loc 1 422 9 is_stmt 1 view .LVU134
 451              		.loc 1 422 12 is_stmt 0 view .LVU135
 452 004e 12F4803F 		tst	r2, #65536
 453 0052 17D0     		beq	.L33
 423:Drivers/STM32F1xx_HAL_Driver/Src/stm32f1xx_hal_rcc_ex.c ****         {
 424:Drivers/STM32F1xx_HAL_Driver/Src/stm32f1xx_hal_rcc_ex.c **** #if defined(STM32F105xC) || defined(STM32F107xC) || defined(STM32F100xB)\
 425:Drivers/STM32F1xx_HAL_Driver/Src/stm32f1xx_hal_rcc_ex.c ****  || defined(STM32F100xE)
 426:Drivers/STM32F1xx_HAL_Driver/Src/stm32f1xx_hal_rcc_ex.c ****           prediv1 = aPredivFactorTable[(uint32_t)(RCC->CFGR2 & RCC_CFGR2_PREDIV1) >> RCC_CFGR2_PRED
 427:Drivers/STM32F1xx_HAL_Driver/Src/stm32f1xx_hal_rcc_ex.c **** #else
 428:Drivers/STM32F1xx_HAL_Driver/Src/stm32f1xx_hal_rcc_ex.c ****           prediv1 = aPredivFactorTable[(uint32_t)(RCC->CFGR & RCC_CFGR_PLLXTPRE) >> RCC_CFGR_PLLXTP
 454              		.loc 1 428 11 is_stmt 1 view .LVU136
 455              		.loc 1 428 54 is_stmt 0 view .LVU137
 456 0054 2B4B     		ldr	r3, .L44+4
 457 0056 5B68     		ldr	r3, [r3, #4]
 458              		.loc 1 428 82 view .LVU138
ARM GAS  C:\Users\LJH\AppData\Local\Temp\ccebBpTI.s 			page 17


 459 0058 C3F34043 		ubfx	r3, r3, #17, #1
 460              		.loc 1 428 39 view .LVU139
 461 005c 1833     		adds	r3, r3, #24
 462 005e 6B44     		add	r3, sp, r3
 463 0060 13F8142C 		ldrb	r2, [r3, #-20]	@ zero_extendqisi2
 464              	.LVL32:
 429:Drivers/STM32F1xx_HAL_Driver/Src/stm32f1xx_hal_rcc_ex.c **** #endif /* STM32F105xC || STM32F107xC || STM32F100xB || STM32F100xE */
 430:Drivers/STM32F1xx_HAL_Driver/Src/stm32f1xx_hal_rcc_ex.c **** 
 431:Drivers/STM32F1xx_HAL_Driver/Src/stm32f1xx_hal_rcc_ex.c **** #if defined(STM32F105xC) || defined(STM32F107xC)
 432:Drivers/STM32F1xx_HAL_Driver/Src/stm32f1xx_hal_rcc_ex.c ****           if (HAL_IS_BIT_SET(RCC->CFGR2, RCC_CFGR2_PREDIV1SRC))
 433:Drivers/STM32F1xx_HAL_Driver/Src/stm32f1xx_hal_rcc_ex.c ****           {
 434:Drivers/STM32F1xx_HAL_Driver/Src/stm32f1xx_hal_rcc_ex.c ****             /* PLL2 selected as Prediv1 source */
 435:Drivers/STM32F1xx_HAL_Driver/Src/stm32f1xx_hal_rcc_ex.c ****             /* PLLCLK = PLL2CLK / PREDIV1 * PLLMUL with PLL2CLK = HSE/PREDIV2 * PLL2MUL */
 436:Drivers/STM32F1xx_HAL_Driver/Src/stm32f1xx_hal_rcc_ex.c ****             prediv2 = ((RCC->CFGR2 & RCC_CFGR2_PREDIV2) >> RCC_CFGR2_PREDIV2_Pos) + 1;
 437:Drivers/STM32F1xx_HAL_Driver/Src/stm32f1xx_hal_rcc_ex.c ****             pll2mul = ((RCC->CFGR2 & RCC_CFGR2_PLL2MUL) >> RCC_CFGR2_PLL2MUL_Pos) + 2;
 438:Drivers/STM32F1xx_HAL_Driver/Src/stm32f1xx_hal_rcc_ex.c ****             pllclk = (uint32_t)((((HSE_VALUE / prediv2) * pll2mul) / prediv1) * pllmul);
 439:Drivers/STM32F1xx_HAL_Driver/Src/stm32f1xx_hal_rcc_ex.c ****           }
 440:Drivers/STM32F1xx_HAL_Driver/Src/stm32f1xx_hal_rcc_ex.c ****           else
 441:Drivers/STM32F1xx_HAL_Driver/Src/stm32f1xx_hal_rcc_ex.c ****           {
 442:Drivers/STM32F1xx_HAL_Driver/Src/stm32f1xx_hal_rcc_ex.c ****             /* HSE used as PLL clock source : PLLCLK = HSE/PREDIV1 * PLLMUL */
 443:Drivers/STM32F1xx_HAL_Driver/Src/stm32f1xx_hal_rcc_ex.c ****             pllclk = (uint32_t)((HSE_VALUE / prediv1) * pllmul);
 444:Drivers/STM32F1xx_HAL_Driver/Src/stm32f1xx_hal_rcc_ex.c ****           }
 445:Drivers/STM32F1xx_HAL_Driver/Src/stm32f1xx_hal_rcc_ex.c **** 
 446:Drivers/STM32F1xx_HAL_Driver/Src/stm32f1xx_hal_rcc_ex.c ****           /* If PLLMUL was set to 13 means that it was to cover the case PLLMUL 6.5 (avoid using fl
 447:Drivers/STM32F1xx_HAL_Driver/Src/stm32f1xx_hal_rcc_ex.c ****           /* In this case need to divide pllclk by 2 */
 448:Drivers/STM32F1xx_HAL_Driver/Src/stm32f1xx_hal_rcc_ex.c ****           if (pllmul == aPLLMULFactorTable[(uint32_t)(RCC_CFGR_PLLMULL6_5) >> RCC_CFGR_PLLMULL_Pos]
 449:Drivers/STM32F1xx_HAL_Driver/Src/stm32f1xx_hal_rcc_ex.c ****           {
 450:Drivers/STM32F1xx_HAL_Driver/Src/stm32f1xx_hal_rcc_ex.c ****             pllclk = pllclk / 2;
 451:Drivers/STM32F1xx_HAL_Driver/Src/stm32f1xx_hal_rcc_ex.c ****           }
 452:Drivers/STM32F1xx_HAL_Driver/Src/stm32f1xx_hal_rcc_ex.c **** #else
 453:Drivers/STM32F1xx_HAL_Driver/Src/stm32f1xx_hal_rcc_ex.c ****           if ((temp_reg & RCC_CFGR_PLLSRC) != RCC_PLLSOURCE_HSI_DIV2)
 465              		.loc 1 453 11 is_stmt 1 view .LVU140
 454:Drivers/STM32F1xx_HAL_Driver/Src/stm32f1xx_hal_rcc_ex.c ****           {
 455:Drivers/STM32F1xx_HAL_Driver/Src/stm32f1xx_hal_rcc_ex.c ****             /* HSE used as PLL clock source : PLLCLK = HSE/PREDIV1 * PLLMUL */
 456:Drivers/STM32F1xx_HAL_Driver/Src/stm32f1xx_hal_rcc_ex.c ****             pllclk = (uint32_t)((HSE_VALUE / prediv1) * pllmul);
 466              		.loc 1 456 13 view .LVU141
 467              		.loc 1 456 44 is_stmt 0 view .LVU142
 468 0064 284B     		ldr	r3, .L44+8
 469 0066 B3FBF2F3 		udiv	r3, r3, r2
 470              		.loc 1 456 20 view .LVU143
 471 006a 03FB00F0 		mul	r0, r3, r0
 472              	.LVL33:
 473              	.L34:
 457:Drivers/STM32F1xx_HAL_Driver/Src/stm32f1xx_hal_rcc_ex.c ****           }
 458:Drivers/STM32F1xx_HAL_Driver/Src/stm32f1xx_hal_rcc_ex.c **** #endif /* STM32F105xC || STM32F107xC */
 459:Drivers/STM32F1xx_HAL_Driver/Src/stm32f1xx_hal_rcc_ex.c ****         }
 460:Drivers/STM32F1xx_HAL_Driver/Src/stm32f1xx_hal_rcc_ex.c ****         else
 461:Drivers/STM32F1xx_HAL_Driver/Src/stm32f1xx_hal_rcc_ex.c ****         {
 462:Drivers/STM32F1xx_HAL_Driver/Src/stm32f1xx_hal_rcc_ex.c ****           /* HSI used as PLL clock source : PLLCLK = HSI/2 * PLLMUL */
 463:Drivers/STM32F1xx_HAL_Driver/Src/stm32f1xx_hal_rcc_ex.c ****           pllclk = (uint32_t)((HSI_VALUE >> 1) * pllmul);
 464:Drivers/STM32F1xx_HAL_Driver/Src/stm32f1xx_hal_rcc_ex.c ****         }
 465:Drivers/STM32F1xx_HAL_Driver/Src/stm32f1xx_hal_rcc_ex.c **** 
 466:Drivers/STM32F1xx_HAL_Driver/Src/stm32f1xx_hal_rcc_ex.c ****         /* Calcul of the USB frequency*/
 467:Drivers/STM32F1xx_HAL_Driver/Src/stm32f1xx_hal_rcc_ex.c **** #if defined(STM32F105xC) || defined(STM32F107xC)
 468:Drivers/STM32F1xx_HAL_Driver/Src/stm32f1xx_hal_rcc_ex.c ****         /* USBCLK = PLLVCO = (2 x PLLCLK) / USB prescaler */
 469:Drivers/STM32F1xx_HAL_Driver/Src/stm32f1xx_hal_rcc_ex.c ****         if (__HAL_RCC_GET_USB_SOURCE() == RCC_USBCLKSOURCE_PLL_DIV2)
 470:Drivers/STM32F1xx_HAL_Driver/Src/stm32f1xx_hal_rcc_ex.c ****         {
ARM GAS  C:\Users\LJH\AppData\Local\Temp\ccebBpTI.s 			page 18


 471:Drivers/STM32F1xx_HAL_Driver/Src/stm32f1xx_hal_rcc_ex.c ****           /* Prescaler of 2 selected for USB */
 472:Drivers/STM32F1xx_HAL_Driver/Src/stm32f1xx_hal_rcc_ex.c ****           frequency = pllclk;
 473:Drivers/STM32F1xx_HAL_Driver/Src/stm32f1xx_hal_rcc_ex.c ****         }
 474:Drivers/STM32F1xx_HAL_Driver/Src/stm32f1xx_hal_rcc_ex.c ****         else
 475:Drivers/STM32F1xx_HAL_Driver/Src/stm32f1xx_hal_rcc_ex.c ****         {
 476:Drivers/STM32F1xx_HAL_Driver/Src/stm32f1xx_hal_rcc_ex.c ****           /* Prescaler of 3 selected for USB */
 477:Drivers/STM32F1xx_HAL_Driver/Src/stm32f1xx_hal_rcc_ex.c ****           frequency = (2 * pllclk) / 3;
 478:Drivers/STM32F1xx_HAL_Driver/Src/stm32f1xx_hal_rcc_ex.c ****         }
 479:Drivers/STM32F1xx_HAL_Driver/Src/stm32f1xx_hal_rcc_ex.c **** #else
 480:Drivers/STM32F1xx_HAL_Driver/Src/stm32f1xx_hal_rcc_ex.c ****         /* USBCLK = PLLCLK / USB prescaler */
 481:Drivers/STM32F1xx_HAL_Driver/Src/stm32f1xx_hal_rcc_ex.c ****         if (__HAL_RCC_GET_USB_SOURCE() == RCC_USBCLKSOURCE_PLL)
 474              		.loc 1 481 9 is_stmt 1 view .LVU144
 475              		.loc 1 481 13 is_stmt 0 view .LVU145
 476 006e 254B     		ldr	r3, .L44+4
 477 0070 5B68     		ldr	r3, [r3, #4]
 478              		.loc 1 481 12 view .LVU146
 479 0072 13F4800F 		tst	r3, #4194304
 480 0076 3DD1     		bne	.L25
 482:Drivers/STM32F1xx_HAL_Driver/Src/stm32f1xx_hal_rcc_ex.c ****         {
 483:Drivers/STM32F1xx_HAL_Driver/Src/stm32f1xx_hal_rcc_ex.c ****           /* No prescaler selected for USB */
 484:Drivers/STM32F1xx_HAL_Driver/Src/stm32f1xx_hal_rcc_ex.c ****           frequency = pllclk;
 485:Drivers/STM32F1xx_HAL_Driver/Src/stm32f1xx_hal_rcc_ex.c ****         }
 486:Drivers/STM32F1xx_HAL_Driver/Src/stm32f1xx_hal_rcc_ex.c ****         else
 487:Drivers/STM32F1xx_HAL_Driver/Src/stm32f1xx_hal_rcc_ex.c ****         {
 488:Drivers/STM32F1xx_HAL_Driver/Src/stm32f1xx_hal_rcc_ex.c ****           /* Prescaler of 1.5 selected for USB */
 489:Drivers/STM32F1xx_HAL_Driver/Src/stm32f1xx_hal_rcc_ex.c ****           frequency = (pllclk * 2) / 3;
 481              		.loc 1 489 11 is_stmt 1 view .LVU147
 482              		.loc 1 489 31 is_stmt 0 view .LVU148
 483 0078 4000     		lsls	r0, r0, #1
 484              	.LVL34:
 485              		.loc 1 489 21 view .LVU149
 486 007a 244B     		ldr	r3, .L44+12
 487 007c A3FB0030 		umull	r3, r0, r3, r0
 488 0080 4008     		lsrs	r0, r0, #1
 489              	.LVL35:
 490              		.loc 1 489 21 view .LVU150
 491 0082 37E0     		b	.L25
 492              	.LVL36:
 493              	.L33:
 463:Drivers/STM32F1xx_HAL_Driver/Src/stm32f1xx_hal_rcc_ex.c ****         }
 494              		.loc 1 463 11 is_stmt 1 view .LVU151
 463:Drivers/STM32F1xx_HAL_Driver/Src/stm32f1xx_hal_rcc_ex.c ****         }
 495              		.loc 1 463 18 is_stmt 0 view .LVU152
 496 0084 224B     		ldr	r3, .L44+16
 497 0086 03FB00F0 		mul	r0, r3, r0
 498              	.LVL37:
 463:Drivers/STM32F1xx_HAL_Driver/Src/stm32f1xx_hal_rcc_ex.c ****         }
 499              		.loc 1 463 18 view .LVU153
 500 008a F0E7     		b	.L34
 501              	.LVL38:
 502              	.L30:
 490:Drivers/STM32F1xx_HAL_Driver/Src/stm32f1xx_hal_rcc_ex.c ****         }
 491:Drivers/STM32F1xx_HAL_Driver/Src/stm32f1xx_hal_rcc_ex.c **** #endif
 492:Drivers/STM32F1xx_HAL_Driver/Src/stm32f1xx_hal_rcc_ex.c ****       }
 493:Drivers/STM32F1xx_HAL_Driver/Src/stm32f1xx_hal_rcc_ex.c ****       break;
 494:Drivers/STM32F1xx_HAL_Driver/Src/stm32f1xx_hal_rcc_ex.c ****     }
 495:Drivers/STM32F1xx_HAL_Driver/Src/stm32f1xx_hal_rcc_ex.c **** #endif /* STM32F102x6 || STM32F102xB || STM32F103x6 || STM32F103xB || STM32F103xE || STM32F103xG ||
ARM GAS  C:\Users\LJH\AppData\Local\Temp\ccebBpTI.s 			page 19


 496:Drivers/STM32F1xx_HAL_Driver/Src/stm32f1xx_hal_rcc_ex.c **** #if defined(STM32F103xE) || defined(STM32F103xG) || defined(STM32F105xC) || defined(STM32F107xC)
 497:Drivers/STM32F1xx_HAL_Driver/Src/stm32f1xx_hal_rcc_ex.c ****     case RCC_PERIPHCLK_I2S2:
 498:Drivers/STM32F1xx_HAL_Driver/Src/stm32f1xx_hal_rcc_ex.c ****     {
 499:Drivers/STM32F1xx_HAL_Driver/Src/stm32f1xx_hal_rcc_ex.c **** #if defined(STM32F103xE) || defined(STM32F103xG)
 500:Drivers/STM32F1xx_HAL_Driver/Src/stm32f1xx_hal_rcc_ex.c ****       /* SYSCLK used as source clock for I2S2 */
 501:Drivers/STM32F1xx_HAL_Driver/Src/stm32f1xx_hal_rcc_ex.c ****       frequency = HAL_RCC_GetSysClockFreq();
 503              		.loc 1 501 7 is_stmt 1 view .LVU154
 504              		.loc 1 501 19 is_stmt 0 view .LVU155
 505 008c FFF7FEFF 		bl	HAL_RCC_GetSysClockFreq
 506              	.LVL39:
 502:Drivers/STM32F1xx_HAL_Driver/Src/stm32f1xx_hal_rcc_ex.c **** #else
 503:Drivers/STM32F1xx_HAL_Driver/Src/stm32f1xx_hal_rcc_ex.c ****       if (__HAL_RCC_GET_I2S2_SOURCE() == RCC_I2S2CLKSOURCE_SYSCLK)
 504:Drivers/STM32F1xx_HAL_Driver/Src/stm32f1xx_hal_rcc_ex.c ****       {
 505:Drivers/STM32F1xx_HAL_Driver/Src/stm32f1xx_hal_rcc_ex.c ****         /* SYSCLK used as source clock for I2S2 */
 506:Drivers/STM32F1xx_HAL_Driver/Src/stm32f1xx_hal_rcc_ex.c ****         frequency = HAL_RCC_GetSysClockFreq();
 507:Drivers/STM32F1xx_HAL_Driver/Src/stm32f1xx_hal_rcc_ex.c ****       }
 508:Drivers/STM32F1xx_HAL_Driver/Src/stm32f1xx_hal_rcc_ex.c ****       else
 509:Drivers/STM32F1xx_HAL_Driver/Src/stm32f1xx_hal_rcc_ex.c ****       {
 510:Drivers/STM32F1xx_HAL_Driver/Src/stm32f1xx_hal_rcc_ex.c ****         /* Check if PLLI2S is enabled */
 511:Drivers/STM32F1xx_HAL_Driver/Src/stm32f1xx_hal_rcc_ex.c ****         if (HAL_IS_BIT_SET(RCC->CR, RCC_CR_PLL3ON))
 512:Drivers/STM32F1xx_HAL_Driver/Src/stm32f1xx_hal_rcc_ex.c ****         {
 513:Drivers/STM32F1xx_HAL_Driver/Src/stm32f1xx_hal_rcc_ex.c ****           /* PLLI2SVCO = 2 * PLLI2SCLK = 2 * (HSE/PREDIV2 * PLL3MUL) */
 514:Drivers/STM32F1xx_HAL_Driver/Src/stm32f1xx_hal_rcc_ex.c ****           prediv2 = ((RCC->CFGR2 & RCC_CFGR2_PREDIV2) >> RCC_CFGR2_PREDIV2_Pos) + 1;
 515:Drivers/STM32F1xx_HAL_Driver/Src/stm32f1xx_hal_rcc_ex.c ****           pll3mul = ((RCC->CFGR2 & RCC_CFGR2_PLL3MUL) >> RCC_CFGR2_PLL3MUL_Pos) + 2;
 516:Drivers/STM32F1xx_HAL_Driver/Src/stm32f1xx_hal_rcc_ex.c ****           frequency = (uint32_t)(2 * ((HSE_VALUE / prediv2) * pll3mul));
 517:Drivers/STM32F1xx_HAL_Driver/Src/stm32f1xx_hal_rcc_ex.c ****         }
 518:Drivers/STM32F1xx_HAL_Driver/Src/stm32f1xx_hal_rcc_ex.c ****       }
 519:Drivers/STM32F1xx_HAL_Driver/Src/stm32f1xx_hal_rcc_ex.c **** #endif /* STM32F103xE || STM32F103xG */
 520:Drivers/STM32F1xx_HAL_Driver/Src/stm32f1xx_hal_rcc_ex.c ****       break;
 507              		.loc 1 520 7 is_stmt 1 view .LVU156
 508 0090 30E0     		b	.L25
 509              	.LVL40:
 510              	.L29:
 521:Drivers/STM32F1xx_HAL_Driver/Src/stm32f1xx_hal_rcc_ex.c ****     }
 522:Drivers/STM32F1xx_HAL_Driver/Src/stm32f1xx_hal_rcc_ex.c ****     case RCC_PERIPHCLK_I2S3:
 523:Drivers/STM32F1xx_HAL_Driver/Src/stm32f1xx_hal_rcc_ex.c ****     {
 524:Drivers/STM32F1xx_HAL_Driver/Src/stm32f1xx_hal_rcc_ex.c **** #if defined(STM32F103xE) || defined(STM32F103xG)
 525:Drivers/STM32F1xx_HAL_Driver/Src/stm32f1xx_hal_rcc_ex.c ****       /* SYSCLK used as source clock for I2S3 */
 526:Drivers/STM32F1xx_HAL_Driver/Src/stm32f1xx_hal_rcc_ex.c ****       frequency = HAL_RCC_GetSysClockFreq();
 511              		.loc 1 526 7 view .LVU157
 512              		.loc 1 526 19 is_stmt 0 view .LVU158
 513 0092 FFF7FEFF 		bl	HAL_RCC_GetSysClockFreq
 514              	.LVL41:
 527:Drivers/STM32F1xx_HAL_Driver/Src/stm32f1xx_hal_rcc_ex.c **** #else
 528:Drivers/STM32F1xx_HAL_Driver/Src/stm32f1xx_hal_rcc_ex.c ****       if (__HAL_RCC_GET_I2S3_SOURCE() == RCC_I2S3CLKSOURCE_SYSCLK)
 529:Drivers/STM32F1xx_HAL_Driver/Src/stm32f1xx_hal_rcc_ex.c ****       {
 530:Drivers/STM32F1xx_HAL_Driver/Src/stm32f1xx_hal_rcc_ex.c ****         /* SYSCLK used as source clock for I2S3 */
 531:Drivers/STM32F1xx_HAL_Driver/Src/stm32f1xx_hal_rcc_ex.c ****         frequency = HAL_RCC_GetSysClockFreq();
 532:Drivers/STM32F1xx_HAL_Driver/Src/stm32f1xx_hal_rcc_ex.c ****       }
 533:Drivers/STM32F1xx_HAL_Driver/Src/stm32f1xx_hal_rcc_ex.c ****       else
 534:Drivers/STM32F1xx_HAL_Driver/Src/stm32f1xx_hal_rcc_ex.c ****       {
 535:Drivers/STM32F1xx_HAL_Driver/Src/stm32f1xx_hal_rcc_ex.c ****         /* Check if PLLI2S is enabled */
 536:Drivers/STM32F1xx_HAL_Driver/Src/stm32f1xx_hal_rcc_ex.c ****         if (HAL_IS_BIT_SET(RCC->CR, RCC_CR_PLL3ON))
 537:Drivers/STM32F1xx_HAL_Driver/Src/stm32f1xx_hal_rcc_ex.c ****         {
 538:Drivers/STM32F1xx_HAL_Driver/Src/stm32f1xx_hal_rcc_ex.c ****           /* PLLI2SVCO = 2 * PLLI2SCLK = 2 * (HSE/PREDIV2 * PLL3MUL) */
 539:Drivers/STM32F1xx_HAL_Driver/Src/stm32f1xx_hal_rcc_ex.c ****           prediv2 = ((RCC->CFGR2 & RCC_CFGR2_PREDIV2) >> RCC_CFGR2_PREDIV2_Pos) + 1;
 540:Drivers/STM32F1xx_HAL_Driver/Src/stm32f1xx_hal_rcc_ex.c ****           pll3mul = ((RCC->CFGR2 & RCC_CFGR2_PLL3MUL) >> RCC_CFGR2_PLL3MUL_Pos) + 2;
ARM GAS  C:\Users\LJH\AppData\Local\Temp\ccebBpTI.s 			page 20


 541:Drivers/STM32F1xx_HAL_Driver/Src/stm32f1xx_hal_rcc_ex.c ****           frequency = (uint32_t)(2 * ((HSE_VALUE / prediv2) * pll3mul));
 542:Drivers/STM32F1xx_HAL_Driver/Src/stm32f1xx_hal_rcc_ex.c ****         }
 543:Drivers/STM32F1xx_HAL_Driver/Src/stm32f1xx_hal_rcc_ex.c ****       }
 544:Drivers/STM32F1xx_HAL_Driver/Src/stm32f1xx_hal_rcc_ex.c **** #endif /* STM32F103xE || STM32F103xG */
 545:Drivers/STM32F1xx_HAL_Driver/Src/stm32f1xx_hal_rcc_ex.c ****       break;
 515              		.loc 1 545 7 is_stmt 1 view .LVU159
 516 0096 2DE0     		b	.L25
 517              	.LVL42:
 518              	.L32:
 546:Drivers/STM32F1xx_HAL_Driver/Src/stm32f1xx_hal_rcc_ex.c ****     }
 547:Drivers/STM32F1xx_HAL_Driver/Src/stm32f1xx_hal_rcc_ex.c **** #endif /* STM32F103xE || STM32F103xG || STM32F105xC || STM32F107xC */
 548:Drivers/STM32F1xx_HAL_Driver/Src/stm32f1xx_hal_rcc_ex.c ****     case RCC_PERIPHCLK_RTC:
 549:Drivers/STM32F1xx_HAL_Driver/Src/stm32f1xx_hal_rcc_ex.c ****     {
 550:Drivers/STM32F1xx_HAL_Driver/Src/stm32f1xx_hal_rcc_ex.c ****       /* Get RCC BDCR configuration ------------------------------------------------------*/
 551:Drivers/STM32F1xx_HAL_Driver/Src/stm32f1xx_hal_rcc_ex.c ****       temp_reg = RCC->BDCR;
 519              		.loc 1 551 7 view .LVU160
 520              		.loc 1 551 16 is_stmt 0 view .LVU161
 521 0098 1A4B     		ldr	r3, .L44+4
 522 009a 1B6A     		ldr	r3, [r3, #32]
 523              	.LVL43:
 552:Drivers/STM32F1xx_HAL_Driver/Src/stm32f1xx_hal_rcc_ex.c **** 
 553:Drivers/STM32F1xx_HAL_Driver/Src/stm32f1xx_hal_rcc_ex.c ****       /* Check if LSE is ready if RTC clock selection is LSE */
 554:Drivers/STM32F1xx_HAL_Driver/Src/stm32f1xx_hal_rcc_ex.c ****       if (((temp_reg & RCC_BDCR_RTCSEL) == RCC_RTCCLKSOURCE_LSE) && (HAL_IS_BIT_SET(temp_reg, RCC_B
 524              		.loc 1 554 7 is_stmt 1 view .LVU162
 525              		.loc 1 554 66 is_stmt 0 view .LVU163
 526 009c 40F20232 		movw	r2, #770
 527 00a0 1A40     		ands	r2, r2, r3
 528              		.loc 1 554 10 view .LVU164
 529 00a2 B2F5817F 		cmp	r2, #258
 530 00a6 28D0     		beq	.L37
 555:Drivers/STM32F1xx_HAL_Driver/Src/stm32f1xx_hal_rcc_ex.c ****       {
 556:Drivers/STM32F1xx_HAL_Driver/Src/stm32f1xx_hal_rcc_ex.c ****         frequency = LSE_VALUE;
 557:Drivers/STM32F1xx_HAL_Driver/Src/stm32f1xx_hal_rcc_ex.c ****       }
 558:Drivers/STM32F1xx_HAL_Driver/Src/stm32f1xx_hal_rcc_ex.c ****       /* Check if LSI is ready if RTC clock selection is LSI */
 559:Drivers/STM32F1xx_HAL_Driver/Src/stm32f1xx_hal_rcc_ex.c ****       else if (((temp_reg & RCC_BDCR_RTCSEL) == RCC_RTCCLKSOURCE_LSI) && (HAL_IS_BIT_SET(RCC->CSR, 
 531              		.loc 1 559 12 is_stmt 1 view .LVU165
 532              		.loc 1 559 27 is_stmt 0 view .LVU166
 533 00a8 03F44073 		and	r3, r3, #768
 534              	.LVL44:
 535              		.loc 1 559 15 view .LVU167
 536 00ac B3F5007F 		cmp	r3, #512
 537 00b0 04D0     		beq	.L42
 538              	.L35:
 560:Drivers/STM32F1xx_HAL_Driver/Src/stm32f1xx_hal_rcc_ex.c ****       {
 561:Drivers/STM32F1xx_HAL_Driver/Src/stm32f1xx_hal_rcc_ex.c ****         frequency = LSI_VALUE;
 562:Drivers/STM32F1xx_HAL_Driver/Src/stm32f1xx_hal_rcc_ex.c ****       }
 563:Drivers/STM32F1xx_HAL_Driver/Src/stm32f1xx_hal_rcc_ex.c ****       else if (((temp_reg & RCC_BDCR_RTCSEL) == RCC_RTCCLKSOURCE_HSE_DIV128) && (HAL_IS_BIT_SET(RCC
 539              		.loc 1 563 12 is_stmt 1 view .LVU168
 540              		.loc 1 563 15 is_stmt 0 view .LVU169
 541 00b2 B3F5407F 		cmp	r3, #768
 542 00b6 09D0     		beq	.L43
 403:Drivers/STM32F1xx_HAL_Driver/Src/stm32f1xx_hal_rcc_ex.c **** 
 543              		.loc 1 403 27 view .LVU170
 544 00b8 0020     		movs	r0, #0
 545 00ba 1BE0     		b	.L25
 546              	.L42:
 559:Drivers/STM32F1xx_HAL_Driver/Src/stm32f1xx_hal_rcc_ex.c ****       {
ARM GAS  C:\Users\LJH\AppData\Local\Temp\ccebBpTI.s 			page 21


 547              		.loc 1 559 75 discriminator 1 view .LVU171
 548 00bc 114A     		ldr	r2, .L44+4
 549 00be 526A     		ldr	r2, [r2, #36]
 559:Drivers/STM32F1xx_HAL_Driver/Src/stm32f1xx_hal_rcc_ex.c ****       {
 550              		.loc 1 559 71 discriminator 1 view .LVU172
 551 00c0 12F0020F 		tst	r2, #2
 552 00c4 F5D0     		beq	.L35
 561:Drivers/STM32F1xx_HAL_Driver/Src/stm32f1xx_hal_rcc_ex.c ****       }
 553              		.loc 1 561 19 view .LVU173
 554 00c6 49F64040 		movw	r0, #40000
 555 00ca 13E0     		b	.L25
 556              	.L43:
 557              		.loc 1 563 82 discriminator 1 view .LVU174
 558 00cc 0D4B     		ldr	r3, .L44+4
 559 00ce 1868     		ldr	r0, [r3]
 560              		.loc 1 563 78 discriminator 1 view .LVU175
 561 00d0 10F40030 		ands	r0, r0, #131072
 562 00d4 0ED0     		beq	.L25
 564:Drivers/STM32F1xx_HAL_Driver/Src/stm32f1xx_hal_rcc_ex.c ****       {
 565:Drivers/STM32F1xx_HAL_Driver/Src/stm32f1xx_hal_rcc_ex.c ****         frequency = HSE_VALUE / 128U;
 563              		.loc 1 565 19 view .LVU176
 564 00d6 4FF22440 		movw	r0, #62500
 565              	.LVL45:
 566:Drivers/STM32F1xx_HAL_Driver/Src/stm32f1xx_hal_rcc_ex.c ****       }
 567:Drivers/STM32F1xx_HAL_Driver/Src/stm32f1xx_hal_rcc_ex.c ****       /* Clock not enabled for RTC*/
 568:Drivers/STM32F1xx_HAL_Driver/Src/stm32f1xx_hal_rcc_ex.c ****       else
 569:Drivers/STM32F1xx_HAL_Driver/Src/stm32f1xx_hal_rcc_ex.c ****       {
 570:Drivers/STM32F1xx_HAL_Driver/Src/stm32f1xx_hal_rcc_ex.c ****         /* nothing to do: frequency already initialized to 0U */
 571:Drivers/STM32F1xx_HAL_Driver/Src/stm32f1xx_hal_rcc_ex.c ****       }
 572:Drivers/STM32F1xx_HAL_Driver/Src/stm32f1xx_hal_rcc_ex.c ****       break;
 573:Drivers/STM32F1xx_HAL_Driver/Src/stm32f1xx_hal_rcc_ex.c ****     }
 574:Drivers/STM32F1xx_HAL_Driver/Src/stm32f1xx_hal_rcc_ex.c ****     case RCC_PERIPHCLK_ADC:
 575:Drivers/STM32F1xx_HAL_Driver/Src/stm32f1xx_hal_rcc_ex.c ****     {
 576:Drivers/STM32F1xx_HAL_Driver/Src/stm32f1xx_hal_rcc_ex.c ****       frequency = HAL_RCC_GetPCLK2Freq() / (((__HAL_RCC_GET_ADC_SOURCE() >> RCC_CFGR_ADCPRE_Pos) + 
 577:Drivers/STM32F1xx_HAL_Driver/Src/stm32f1xx_hal_rcc_ex.c ****       break;
 578:Drivers/STM32F1xx_HAL_Driver/Src/stm32f1xx_hal_rcc_ex.c ****     }
 579:Drivers/STM32F1xx_HAL_Driver/Src/stm32f1xx_hal_rcc_ex.c ****     default:
 580:Drivers/STM32F1xx_HAL_Driver/Src/stm32f1xx_hal_rcc_ex.c ****     {
 581:Drivers/STM32F1xx_HAL_Driver/Src/stm32f1xx_hal_rcc_ex.c ****       break;
 582:Drivers/STM32F1xx_HAL_Driver/Src/stm32f1xx_hal_rcc_ex.c ****     }
 583:Drivers/STM32F1xx_HAL_Driver/Src/stm32f1xx_hal_rcc_ex.c ****   }
 584:Drivers/STM32F1xx_HAL_Driver/Src/stm32f1xx_hal_rcc_ex.c ****   return (frequency);
 566              		.loc 1 584 3 is_stmt 1 view .LVU177
 567              		.loc 1 584 10 is_stmt 0 view .LVU178
 568 00da 0BE0     		b	.L25
 569              	.LVL46:
 570              	.L31:
 576:Drivers/STM32F1xx_HAL_Driver/Src/stm32f1xx_hal_rcc_ex.c ****       break;
 571              		.loc 1 576 7 is_stmt 1 view .LVU179
 576:Drivers/STM32F1xx_HAL_Driver/Src/stm32f1xx_hal_rcc_ex.c ****       break;
 572              		.loc 1 576 19 is_stmt 0 view .LVU180
 573 00dc FFF7FEFF 		bl	HAL_RCC_GetPCLK2Freq
 574              	.LVL47:
 576:Drivers/STM32F1xx_HAL_Driver/Src/stm32f1xx_hal_rcc_ex.c ****       break;
 575              		.loc 1 576 47 view .LVU181
 576 00e0 084B     		ldr	r3, .L44+4
 577 00e2 5B68     		ldr	r3, [r3, #4]
ARM GAS  C:\Users\LJH\AppData\Local\Temp\ccebBpTI.s 			page 22


 576:Drivers/STM32F1xx_HAL_Driver/Src/stm32f1xx_hal_rcc_ex.c ****       break;
 578              		.loc 1 576 74 view .LVU182
 579 00e4 C3F38133 		ubfx	r3, r3, #14, #2
 576:Drivers/STM32F1xx_HAL_Driver/Src/stm32f1xx_hal_rcc_ex.c ****       break;
 580              		.loc 1 576 98 view .LVU183
 581 00e8 0133     		adds	r3, r3, #1
 576:Drivers/STM32F1xx_HAL_Driver/Src/stm32f1xx_hal_rcc_ex.c ****       break;
 582              		.loc 1 576 103 view .LVU184
 583 00ea 5B00     		lsls	r3, r3, #1
 576:Drivers/STM32F1xx_HAL_Driver/Src/stm32f1xx_hal_rcc_ex.c ****       break;
 584              		.loc 1 576 17 view .LVU185
 585 00ec B0FBF3F0 		udiv	r0, r0, r3
 586              	.LVL48:
 577:Drivers/STM32F1xx_HAL_Driver/Src/stm32f1xx_hal_rcc_ex.c ****     }
 587              		.loc 1 577 7 is_stmt 1 view .LVU186
 588 00f0 00E0     		b	.L25
 589              	.LVL49:
 590              	.L36:
 408:Drivers/STM32F1xx_HAL_Driver/Src/stm32f1xx_hal_rcc_ex.c ****   {
 591              		.loc 1 408 3 is_stmt 0 view .LVU187
 592 00f2 0020     		movs	r0, #0
 593              	.LVL50:
 594              	.L25:
 585:Drivers/STM32F1xx_HAL_Driver/Src/stm32f1xx_hal_rcc_ex.c **** }
 595              		.loc 1 585 1 view .LVU188
 596 00f4 07B0     		add	sp, sp, #28
 597              	.LCFI5:
 598              		.cfi_remember_state
 599              		.cfi_def_cfa_offset 4
 600              		@ sp needed
 601 00f6 5DF804FB 		ldr	pc, [sp], #4
 602              	.LVL51:
 603              	.L37:
 604              	.LCFI6:
 605              		.cfi_restore_state
 556:Drivers/STM32F1xx_HAL_Driver/Src/stm32f1xx_hal_rcc_ex.c ****       }
 606              		.loc 1 556 19 view .LVU189
 607 00fa 4FF40040 		mov	r0, #32768
 608 00fe F9E7     		b	.L25
 609              	.L45:
 610              		.align	2
 611              	.L44:
 612 0100 00000000 		.word	.LC0
 613 0104 00100240 		.word	1073876992
 614 0108 00127A00 		.word	8000000
 615 010c ABAAAAAA 		.word	-1431655765
 616 0110 00093D00 		.word	4000000
 617              		.cfi_endproc
 618              	.LFE67:
 620              		.text
 621              	.Letext0:
 622              		.file 2 "c:\\program files (x86)\\gnu arm embedded toolchain\\10 2021.10\\arm-none-eabi\\include\\
 623              		.file 3 "c:\\program files (x86)\\gnu arm embedded toolchain\\10 2021.10\\arm-none-eabi\\include\\
 624              		.file 4 "Drivers/CMSIS/Device/ST/STM32F1xx/Include/stm32f103xe.h"
 625              		.file 5 "Drivers/CMSIS/Device/ST/STM32F1xx/Include/stm32f1xx.h"
 626              		.file 6 "Drivers/STM32F1xx_HAL_Driver/Inc/stm32f1xx_hal_def.h"
 627              		.file 7 "Drivers/STM32F1xx_HAL_Driver/Inc/stm32f1xx_hal_rcc_ex.h"
ARM GAS  C:\Users\LJH\AppData\Local\Temp\ccebBpTI.s 			page 23


 628              		.file 8 "Drivers/STM32F1xx_HAL_Driver/Inc/stm32f1xx_hal_rcc.h"
 629              		.file 9 "Drivers/STM32F1xx_HAL_Driver/Inc/stm32f1xx_hal.h"
ARM GAS  C:\Users\LJH\AppData\Local\Temp\ccebBpTI.s 			page 24


DEFINED SYMBOLS
                            *ABS*:00000000 stm32f1xx_hal_rcc_ex.c
C:\Users\LJH\AppData\Local\Temp\ccebBpTI.s:18     .text.HAL_RCCEx_PeriphCLKConfig:00000000 $t
C:\Users\LJH\AppData\Local\Temp\ccebBpTI.s:24     .text.HAL_RCCEx_PeriphCLKConfig:00000000 HAL_RCCEx_PeriphCLKConfig
C:\Users\LJH\AppData\Local\Temp\ccebBpTI.s:281    .text.HAL_RCCEx_PeriphCLKConfig:0000010c $d
C:\Users\LJH\AppData\Local\Temp\ccebBpTI.s:288    .text.HAL_RCCEx_GetPeriphCLKConfig:00000000 $t
C:\Users\LJH\AppData\Local\Temp\ccebBpTI.s:294    .text.HAL_RCCEx_GetPeriphCLKConfig:00000000 HAL_RCCEx_GetPeriphCLKConfig
C:\Users\LJH\AppData\Local\Temp\ccebBpTI.s:359    .text.HAL_RCCEx_GetPeriphCLKConfig:00000038 $d
C:\Users\LJH\AppData\Local\Temp\ccebBpTI.s:364    .rodata.HAL_RCCEx_GetPeriphCLKFreq.str1.4:00000000 $d
C:\Users\LJH\AppData\Local\Temp\ccebBpTI.s:369    .text.HAL_RCCEx_GetPeriphCLKFreq:00000000 $t
C:\Users\LJH\AppData\Local\Temp\ccebBpTI.s:375    .text.HAL_RCCEx_GetPeriphCLKFreq:00000000 HAL_RCCEx_GetPeriphCLKFreq
C:\Users\LJH\AppData\Local\Temp\ccebBpTI.s:413    .text.HAL_RCCEx_GetPeriphCLKFreq:00000026 $d
C:\Users\LJH\AppData\Local\Temp\ccebBpTI.s:429    .text.HAL_RCCEx_GetPeriphCLKFreq:00000036 $t
C:\Users\LJH\AppData\Local\Temp\ccebBpTI.s:612    .text.HAL_RCCEx_GetPeriphCLKFreq:00000100 $d

UNDEFINED SYMBOLS
HAL_GetTick
HAL_RCC_GetSysClockFreq
HAL_RCC_GetPCLK2Freq
